<?xml version="1.0" encoding="UTF-8"?>
<testsuite xmlns:xsi="http://www.w3.org/2001/XMLSchema-instance" xsi:noNamespaceSchemaLocation="https://maven.apache.org/surefire/maven-surefire-plugin/xsd/surefire-test-report.xsd" name="com.migros.order.MigrosOrderServiceApplicationTests" time="3.32" tests="1" errors="1" skipped="0" failures="0">
  <properties>
[...]
</properties>
  <testcase name="contextLoads" classname="com.migros.order.MigrosOrderServiceApplicationTests" time="0.006">
    <error message="Failed to load ApplicationContext" type="java.lang.IllegalStateException">java.lang.IllegalStateException: Failed to load ApplicationContext
Caused by: org.springframework.beans.factory.BeanCreationException: Error creating bean with name 'entityManagerFactory' defined in class path resource [org/springframework/boot/autoconfigure/orm/jpa/HibernateJpaConfiguration.class]: Invocation of init method failed; nested exception is javax.persistence.PersistenceException: [PersistenceUnit: default] Unable to build Hibernate SessionFactory; nested exception is org.hibernate.MappingException: Could not determine type for: java.util.Set, at table: orders, for columns: [org.hibernate.mapping.Column(products)]
Caused by: javax.persistence.PersistenceException: [PersistenceUnit: default] Unable to build Hibernate SessionFactory; nested exception is org.hibernate.MappingException: Could not determine type for: java.util.Set, at table: orders, for columns: [org.hibernate.mapping.Column(products)]
Caused by: org.hibernate.MappingException: Could not determine type for: java.util.Set, at table: orders, for columns: [org.hibernate.mapping.Column(products)]
</error>
    <system-out><![CDATA[00:29:11.727 [main] DEBUG org.springframework.test.context.junit4.SpringJUnit4ClassRunner - SpringJUnit4ClassRunner constructor called with [class com.migros.order.MigrosOrderServiceApplicationTests]
00:29:11.732 [main] DEBUG org.springframework.test.context.BootstrapUtils - Instantiating CacheAwareContextLoaderDelegate from class [org.springframework.test.context.cache.DefaultCacheAwareContextLoaderDelegate]
00:29:11.737 [main] DEBUG org.springframework.test.context.BootstrapUtils - Instantiating BootstrapContext using constructor [public org.springframework.test.context.support.DefaultBootstrapContext(java.lang.Class,org.springframework.test.context.CacheAwareContextLoaderDelegate)]
00:29:11.753 [main] DEBUG org.springframework.test.context.BootstrapUtils - Instantiating TestContextBootstrapper for test class [com.migros.order.MigrosOrderServiceApplicationTests] from class [org.springframework.boot.test.context.SpringBootTestContextBootstrapper]
00:29:11.763 [main] INFO org.springframework.boot.test.context.SpringBootTestContextBootstrapper - Neither @ContextConfiguration nor @ContextHierarchy found for test class [com.migros.order.MigrosOrderServiceApplicationTests], using SpringBootContextLoader
00:29:11.766 [main] DEBUG org.springframework.test.context.support.AbstractContextLoader - Did not detect default resource location for test class [com.migros.order.MigrosOrderServiceApplicationTests]: class path resource [com/migros/order/MigrosOrderServiceApplicationTests-context.xml] does not exist
00:29:11.767 [main] DEBUG org.springframework.test.context.support.AbstractContextLoader - Did not detect default resource location for test class [com.migros.order.MigrosOrderServiceApplicationTests]: class path resource [com/migros/order/MigrosOrderServiceApplicationTestsContext.groovy] does not exist
00:29:11.767 [main] INFO org.springframework.test.context.support.AbstractContextLoader - Could not detect default resource locations for test class [com.migros.order.MigrosOrderServiceApplicationTests]: no resource found for suffixes {-context.xml, Context.groovy}.
00:29:11.768 [main] INFO org.springframework.test.context.support.AnnotationConfigContextLoaderUtils - Could not detect default configuration classes for test class [com.migros.order.MigrosOrderServiceApplicationTests]: MigrosOrderServiceApplicationTests does not declare any static, non-private, non-final, nested classes annotated with @Configuration.
00:29:11.796 [main] DEBUG org.springframework.test.context.support.ActiveProfilesUtils - Could not find an 'annotation declaring class' for annotation type [org.springframework.test.context.ActiveProfiles] and class [com.migros.order.MigrosOrderServiceApplicationTests]
00:29:11.803 [main] DEBUG org.springframework.core.env.StandardEnvironment - Adding PropertySource 'systemProperties' with lowest search precedence
00:29:11.803 [main] DEBUG org.springframework.core.env.StandardEnvironment - Adding PropertySource 'systemEnvironment' with lowest search precedence
00:29:11.804 [main] DEBUG org.springframework.core.env.StandardEnvironment - Initialized StandardEnvironment with PropertySources [MapPropertySource@683962652 {name='systemProperties', properties={java.runtime.name=Java(TM) SE Runtime Environment, sun.boot.library.path=/usr/lib/jvm/java-8-oracle/jre/lib/amd64, java.vm.version=25.181-b13, java.vm.vendor=Oracle Corporation, java.vendor.url=http://java.oracle.com/, path.separator=:, java.vm.name=Java HotSpot(TM) 64-Bit Server VM, file.encoding.pkg=sun.io, user.country=US, sun.java.launcher=SUN_STANDARD, sun.os.patch.level=unknown, java.vm.specification.name=Java Virtual Machine Specification, user.dir=/home/bcakan/Documents/workspace-spring-tool-suite-4-4.0.1.RELEASE/MigrosOrderService, java.runtime.version=1.8.0_181-b13, basedir=/home/bcakan/Documents/workspace-spring-tool-suite-4-4.0.1.RELEASE/MigrosOrderService, java.awt.graphicsenv=sun.awt.X11GraphicsEnvironment, java.endorsed.dirs=/usr/lib/jvm/java-8-oracle/jre/lib/endorsed, os.arch=amd64, surefire.real.class.path=/home/bcakan/Documents/workspace-spring-tool-suite-4-4.0.1.RELEASE/MigrosOrderService/target/surefire/surefirebooter750459238367928028.jar, java.io.tmpdir=/tmp, line.separator=
, java.vm.specification.vendor=Oracle Corporation, os.name=Linux, sun.jnu.encoding=UTF-8, java.library.path=/usr/java/packages/lib/amd64:/usr/lib64:/lib64:/lib:/usr/lib, surefire.test.class.path=/home/bcakan/Documents/workspace-spring-tool-suite-4-4.0.1.RELEASE/MigrosOrderService/target/test-classes:/home/bcakan/Documents/workspace-spring-tool-suite-4-4.0.1.RELEASE/MigrosOrderService/target/classes:/home/bcakan/.m2/repository/org/springframework/boot/spring-boot-starter-web/2.0.8.RELEASE/spring-boot-starter-web-2.0.8.RELEASE.jar:/home/bcakan/.m2/repository/org/springframework/boot/spring-boot-starter/2.0.8.RELEASE/spring-boot-starter-2.0.8.RELEASE.jar:/home/bcakan/.m2/repository/org/springframework/boot/spring-boot/2.0.8.RELEASE/spring-boot-2.0.8.RELEASE.jar:/home/bcakan/.m2/repository/org/springframework/boot/spring-boot-autoconfigure/2.0.8.RELEASE/spring-boot-autoconfigure-2.0.8.RELEASE.jar:/home/bcakan/.m2/repository/org/springframework/boot/spring-boot-starter-logging/2.0.8.RELEASE/spring-boot-starter-logging-2.0.8.RELEASE.jar:/home/bcakan/.m2/repository/ch/qos/logback/logback-classic/1.2.3/logback-classic-1.2.3.jar:/home/bcakan/.m2/repository/ch/qos/logback/logback-core/1.2.3/logback-core-1.2.3.jar:/home/bcakan/.m2/repository/org/apache/logging/log4j/log4j-to-slf4j/2.10.0/log4j-to-slf4j-2.10.0.jar:/home/bcakan/.m2/repository/org/apache/logging/log4j/log4j-api/2.10.0/log4j-api-2.10.0.jar:/home/bcakan/.m2/repository/org/slf4j/jul-to-slf4j/1.7.25/jul-to-slf4j-1.7.25.jar:/home/bcakan/.m2/repository/javax/annotation/javax.annotation-api/1.3.2/javax.annotation-api-1.3.2.jar:/home/bcakan/.m2/repository/org/yaml/snakeyaml/1.19/snakeyaml-1.19.jar:/home/bcakan/.m2/repository/org/springframework/boot/spring-boot-starter-json/2.0.8.RELEASE/spring-boot-starter-json-2.0.8.RELEASE.jar:/home/bcakan/.m2/repository/com/fasterxml/jackson/core/jackson-databind/2.9.8/jackson-databind-2.9.8.jar:/home/bcakan/.m2/repository/com/fasterxml/jackson/datatype/jackson-datatype-jdk8/2.9.8/jackson-datatype-jdk8-2.9.8.jar:/home/bcakan/.m2/repository/com/fasterxml/jackson/datatype/jackson-datatype-jsr310/2.9.8/jackson-datatype-jsr310-2.9.8.jar:/home/bcakan/.m2/repository/com/fasterxml/jackson/module/jackson-module-parameter-names/2.9.8/jackson-module-parameter-names-2.9.8.jar:/home/bcakan/.m2/repository/org/springframework/boot/spring-boot-starter-tomcat/2.0.8.RELEASE/spring-boot-starter-tomcat-2.0.8.RELEASE.jar:/home/bcakan/.m2/repository/org/apache/tomcat/embed/tomcat-embed-core/8.5.37/tomcat-embed-core-8.5.37.jar:/home/bcakan/.m2/repository/org/apache/tomcat/embed/tomcat-embed-websocket/8.5.37/tomcat-embed-websocket-8.5.37.jar:/home/bcakan/.m2/repository/org/hibernate/validator/hibernate-validator/6.0.14.Final/hibernate-validator-6.0.14.Final.jar:/home/bcakan/.m2/repository/javax/validation/validation-api/2.0.1.Final/validation-api-2.0.1.Final.jar:/home/bcakan/.m2/repository/org/jboss/logging/jboss-logging/3.3.2.Final/jboss-logging-3.3.2.Final.jar:/home/bcakan/.m2/repository/com/fasterxml/classmate/1.3.4/classmate-1.3.4.jar:/home/bcakan/.m2/repository/org/springframework/spring-web/5.0.12.RELEASE/spring-web-5.0.12.RELEASE.jar:/home/bcakan/.m2/repository/org/springframework/spring-beans/5.0.12.RELEASE/spring-beans-5.0.12.RELEASE.jar:/home/bcakan/.m2/repository/org/springframework/spring-webmvc/5.0.12.RELEASE/spring-webmvc-5.0.12.RELEASE.jar:/home/bcakan/.m2/repository/org/springframework/spring-aop/5.0.12.RELEASE/spring-aop-5.0.12.RELEASE.jar:/home/bcakan/.m2/repository/org/springframework/spring-context/5.0.12.RELEASE/spring-context-5.0.12.RELEASE.jar:/home/bcakan/.m2/repository/org/springframework/spring-expression/5.0.12.RELEASE/spring-expression-5.0.12.RELEASE.jar:/home/bcakan/.m2/repository/org/springframework/cloud/spring-cloud-starter-netflix-eureka-client/2.0.2.RELEASE/spring-cloud-starter-netflix-eureka-client-2.0.2.RELEASE.jar:/home/bcakan/.m2/repository/org/springframework/cloud/spring-cloud-starter/2.0.2.RELEASE/spring-cloud-starter-2.0.2.RELEASE.jar:/home/bcakan/.m2/repository/org/springframework/cloud/spring-cloud-context/2.0.2.RELEASE/spring-cloud-context-2.0.2.RELEASE.jar:/home/bcakan/.m2/repository/org/springframework/security/spring-security-crypto/5.0.11.RELEASE/spring-security-crypto-5.0.11.RELEASE.jar:/home/bcakan/.m2/repository/org/springframework/cloud/spring-cloud-commons/2.0.2.RELEASE/spring-cloud-commons-2.0.2.RELEASE.jar:/home/bcakan/.m2/repository/org/springframework/security/spring-security-rsa/1.0.7.RELEASE/spring-security-rsa-1.0.7.RELEASE.jar:/home/bcakan/.m2/repository/org/bouncycastle/bcpkix-jdk15on/1.60/bcpkix-jdk15on-1.60.jar:/home/bcakan/.m2/repository/org/bouncycastle/bcprov-jdk15on/1.60/bcprov-jdk15on-1.60.jar:/home/bcakan/.m2/repository/org/springframework/cloud/spring-cloud-netflix-core/2.0.2.RELEASE/spring-cloud-netflix-core-2.0.2.RELEASE.jar:/home/bcakan/.m2/repository/org/springframework/cloud/spring-cloud-netflix-eureka-client/2.0.2.RELEASE/spring-cloud-netflix-eureka-client-2.0.2.RELEASE.jar:/home/bcakan/.m2/repository/com/netflix/eureka/eureka-client/1.9.3/eureka-client-1.9.3.jar:/home/bcakan/.m2/repository/org/codehaus/jettison/jettison/1.3.7/jettison-1.3.7.jar:/home/bcakan/.m2/repository/stax/stax-api/1.0.1/stax-api-1.0.1.jar:/home/bcakan/.m2/repository/com/netflix/netflix-commons/netflix-eventbus/0.3.0/netflix-eventbus-0.3.0.jar:/home/bcakan/.m2/repository/com/netflix/netflix-commons/netflix-infix/0.3.0/netflix-infix-0.3.0.jar:/home/bcakan/.m2/repository/commons-jxpath/commons-jxpath/1.3/commons-jxpath-1.3.jar:/home/bcakan/.m2/repository/joda-time/joda-time/2.9.9/joda-time-2.9.9.jar:/home/bcakan/.m2/repository/org/antlr/antlr-runtime/3.4/antlr-runtime-3.4.jar:/home/bcakan/.m2/repository/org/antlr/stringtemplate/3.2.1/stringtemplate-3.2.1.jar:/home/bcakan/.m2/repository/com/google/code/gson/gson/2.8.5/gson-2.8.5.jar:/home/bcakan/.m2/repository/org/apache/commons/commons-math/2.2/commons-math-2.2.jar:/home/bcakan/.m2/repository/com/netflix/archaius/archaius-core/0.7.6/archaius-core-0.7.6.jar:/home/bcakan/.m2/repository/com/google/guava/guava/16.0/guava-16.0.jar:/home/bcakan/.m2/repository/javax/ws/rs/jsr311-api/1.1.1/jsr311-api-1.1.1.jar:/home/bcakan/.m2/repository/com/netflix/servo/servo-core/0.12.21/servo-core-0.12.21.jar:/home/bcakan/.m2/repository/com/sun/jersey/jersey-core/1.19.1/jersey-core-1.19.1.jar:/home/bcakan/.m2/repository/com/sun/jersey/jersey-client/1.19.1/jersey-client-1.19.1.jar:/home/bcakan/.m2/repository/com/sun/jersey/contribs/jersey-apache-client4/1.19.1/jersey-apache-client4-1.19.1.jar:/home/bcakan/.m2/repository/org/apache/httpcomponents/httpclient/4.5.6/httpclient-4.5.6.jar:/home/bcakan/.m2/repository/org/apache/httpcomponents/httpcore/4.4.10/httpcore-4.4.10.jar:/home/bcakan/.m2/repository/commons-codec/commons-codec/1.11/commons-codec-1.11.jar:/home/bcakan/.m2/repository/com/google/inject/guice/4.1.0/guice-4.1.0.jar:/home/bcakan/.m2/repository/javax/inject/javax.inject/1/javax.inject-1.jar:/home/bcakan/.m2/repository/aopalliance/aopalliance/1.0/aopalliance-1.0.jar:/home/bcakan/.m2/repository/com/github/vlsi/compactmap/compactmap/1.2.1/compactmap-1.2.1.jar:/home/bcakan/.m2/repository/com/github/andrewoma/dexx/dexx-collections/0.2/dexx-collections-0.2.jar:/home/bcakan/.m2/repository/com/fasterxml/jackson/core/jackson-annotations/2.9.0/jackson-annotations-2.9.0.jar:/home/bcakan/.m2/repository/com/fasterxml/jackson/core/jackson-core/2.9.8/jackson-core-2.9.8.jar:/home/bcakan/.m2/repository/com/netflix/eureka/eureka-core/1.9.3/eureka-core-1.9.3.jar:/home/bcakan/.m2/repository/org/codehaus/woodstox/woodstox-core-asl/4.4.1/woodstox-core-asl-4.4.1.jar:/home/bcakan/.m2/repository/javax/xml/stream/stax-api/1.0-2/stax-api-1.0-2.jar:/home/bcakan/.m2/repository/org/codehaus/woodstox/stax2-api/3.1.4/stax2-api-3.1.4.jar:/home/bcakan/.m2/repository/org/springframework/cloud/spring-cloud-starter-netflix-archaius/2.0.2.RELEASE/spring-cloud-starter-netflix-archaius-2.0.2.RELEASE.jar:/home/bcakan/.m2/repository/org/springframework/cloud/spring-cloud-netflix-ribbon/2.0.2.RELEASE/spring-cloud-netflix-ribbon-2.0.2.RELEASE.jar:/home/bcakan/.m2/repository/org/springframework/cloud/spring-cloud-netflix-archaius/2.0.2.RELEASE/spring-cloud-netflix-archaius-2.0.2.RELEASE.jar:/home/bcakan/.m2/repository/commons-configuration/commons-configuration/1.8/commons-configuration-1.8.jar:/home/bcakan/.m2/repository/commons-lang/commons-lang/2.6/commons-lang-2.6.jar:/home/bcakan/.m2/repository/org/springframework/cloud/spring-cloud-starter-netflix-ribbon/2.0.2.RELEASE/spring-cloud-starter-netflix-ribbon-2.0.2.RELEASE.jar:/home/bcakan/.m2/repository/com/netflix/ribbon/ribbon/2.2.5/ribbon-2.2.5.jar:/home/bcakan/.m2/repository/com/netflix/ribbon/ribbon-transport/2.2.5/ribbon-transport-2.2.5.jar:/home/bcakan/.m2/repository/io/reactivex/rxnetty-contexts/0.4.9/rxnetty-contexts-0.4.9.jar:/home/bcakan/.m2/repository/io/reactivex/rxnetty-servo/0.4.9/rxnetty-servo-0.4.9.jar:/home/bcakan/.m2/repository/com/netflix/hystrix/hystrix-core/1.5.12/hystrix-core-1.5.12.jar:/home/bcakan/.m2/repository/org/hdrhistogram/HdrHistogram/2.1.9/HdrHistogram-2.1.9.jar:/home/bcakan/.m2/repository/io/reactivex/rxnetty/0.4.9/rxnetty-0.4.9.jar:/home/bcakan/.m2/repository/com/netflix/ribbon/ribbon-core/2.2.5/ribbon-core-2.2.5.jar:/home/bcakan/.m2/repository/com/netflix/ribbon/ribbon-httpclient/2.2.5/ribbon-httpclient-2.2.5.jar:/home/bcakan/.m2/repository/commons-collections/commons-collections/3.2.2/commons-collections-3.2.2.jar:/home/bcakan/.m2/repository/com/netflix/netflix-commons/netflix-commons-util/0.3.0/netflix-commons-util-0.3.0.jar:/home/bcakan/.m2/repository/com/netflix/ribbon/ribbon-loadbalancer/2.2.5/ribbon-loadbalancer-2.2.5.jar:/home/bcakan/.m2/repository/com/netflix/netflix-commons/netflix-statistics/0.1.1/netflix-statistics-0.1.1.jar:/home/bcakan/.m2/repository/io/reactivex/rxjava/1.3.8/rxjava-1.3.8.jar:/home/bcakan/.m2/repository/com/netflix/ribbon/ribbon-eureka/2.2.5/ribbon-eureka-2.2.5.jar:/home/bcakan/.m2/repository/org/slf4j/slf4j-api/1.7.25/slf4j-api-1.7.25.jar:/home/bcakan/.m2/repository/com/thoughtworks/xstream/xstream/1.4.10/xstream-1.4.10.jar:/home/bcakan/.m2/repository/xmlpull/xmlpull/1.1.3.1/xmlpull-1.1.3.1.jar:/home/bcakan/.m2/repository/xpp3/xpp3_min/1.1.4c/xpp3_min-1.1.4c.jar:/home/bcakan/.m2/repository/org/springframework/boot/spring-boot-starter-test/2.0.8.RELEASE/spring-boot-starter-test-2.0.8.RELEASE.jar:/home/bcakan/.m2/repository/org/springframework/boot/spring-boot-test/2.0.8.RELEASE/spring-boot-test-2.0.8.RELEASE.jar:/home/bcakan/.m2/repository/org/springframework/boot/spring-boot-test-autoconfigure/2.0.8.RELEASE/spring-boot-test-autoconfigure-2.0.8.RELEASE.jar:/home/bcakan/.m2/repository/com/jayway/jsonpath/json-path/2.4.0/json-path-2.4.0.jar:/home/bcakan/.m2/repository/net/minidev/json-smart/2.3/json-smart-2.3.jar:/home/bcakan/.m2/repository/net/minidev/accessors-smart/1.2/accessors-smart-1.2.jar:/home/bcakan/.m2/repository/org/ow2/asm/asm/5.0.4/asm-5.0.4.jar:/home/bcakan/.m2/repository/junit/junit/4.12/junit-4.12.jar:/home/bcakan/.m2/repository/org/assertj/assertj-core/3.9.1/assertj-core-3.9.1.jar:/home/bcakan/.m2/repository/org/mockito/mockito-core/2.15.0/mockito-core-2.15.0.jar:/home/bcakan/.m2/repository/net/bytebuddy/byte-buddy/1.7.11/byte-buddy-1.7.11.jar:/home/bcakan/.m2/repository/net/bytebuddy/byte-buddy-agent/1.7.11/byte-buddy-agent-1.7.11.jar:/home/bcakan/.m2/repository/org/objenesis/objenesis/2.6/objenesis-2.6.jar:/home/bcakan/.m2/repository/org/hamcrest/hamcrest-core/1.3/hamcrest-core-1.3.jar:/home/bcakan/.m2/repository/org/hamcrest/hamcrest-library/1.3/hamcrest-library-1.3.jar:/home/bcakan/.m2/repository/org/skyscreamer/jsonassert/1.5.0/jsonassert-1.5.0.jar:/home/bcakan/.m2/repository/com/vaadin/external/google/android-json/0.0.20131108.vaadin1/android-json-0.0.20131108.vaadin1.jar:/home/bcakan/.m2/repository/org/springframework/spring-core/5.0.12.RELEASE/spring-core-5.0.12.RELEASE.jar:/home/bcakan/.m2/repository/org/springframework/spring-jcl/5.0.12.RELEASE/spring-jcl-5.0.12.RELEASE.jar:/home/bcakan/.m2/repository/org/springframework/spring-test/5.0.12.RELEASE/spring-test-5.0.12.RELEASE.jar:/home/bcakan/.m2/repository/org/xmlunit/xmlunit-core/2.5.1/xmlunit-core-2.5.1.jar:/home/bcakan/.m2/repository/com/h2database/h2/1.4.197/h2-1.4.197.jar:/home/bcakan/.m2/repository/org/springframework/boot/spring-boot-starter-jdbc/2.0.8.RELEASE/spring-boot-starter-jdbc-2.0.8.RELEASE.jar:/home/bcakan/.m2/repository/com/zaxxer/HikariCP/2.7.9/HikariCP-2.7.9.jar:/home/bcakan/.m2/repository/org/springframework/spring-jdbc/5.0.12.RELEASE/spring-jdbc-5.0.12.RELEASE.jar:/home/bcakan/.m2/repository/org/springframework/spring-tx/5.0.12.RELEASE/spring-tx-5.0.12.RELEASE.jar:/home/bcakan/.m2/repository/org/springframework/boot/spring-boot-starter-data-jpa/2.0.8.RELEASE/spring-boot-starter-data-jpa-2.0.8.RELEASE.jar:/home/bcakan/.m2/repository/org/springframework/boot/spring-boot-starter-aop/2.0.8.RELEASE/spring-boot-starter-aop-2.0.8.RELEASE.jar:/home/bcakan/.m2/repository/org/aspectj/aspectjweaver/1.8.13/aspectjweaver-1.8.13.jar:/home/bcakan/.m2/repository/javax/transaction/javax.transaction-api/1.2/javax.transaction-api-1.2.jar:/home/bcakan/.m2/repository/org/hibernate/hibernate-core/5.2.17.Final/hibernate-core-5.2.17.Final.jar:/home/bcakan/.m2/repository/org/hibernate/javax/persistence/hibernate-jpa-2.1-api/1.0.2.Final/hibernate-jpa-2.1-api-1.0.2.Final.jar:/home/bcakan/.m2/repository/org/javassist/javassist/3.22.0-GA/javassist-3.22.0-GA.jar:/home/bcakan/.m2/repository/antlr/antlr/2.7.7/antlr-2.7.7.jar:/home/bcakan/.m2/repository/org/jboss/jandex/2.0.3.Final/jandex-2.0.3.Final.jar:/home/bcakan/.m2/repository/dom4j/dom4j/1.6.1/dom4j-1.6.1.jar:/home/bcakan/.m2/repository/org/hibernate/common/hibernate-commons-annotations/5.0.1.Final/hibernate-commons-annotations-5.0.1.Final.jar:/home/bcakan/.m2/repository/org/springframework/data/spring-data-jpa/2.0.13.RELEASE/spring-data-jpa-2.0.13.RELEASE.jar:/home/bcakan/.m2/repository/org/springframework/data/spring-data-commons/2.0.13.RELEASE/spring-data-commons-2.0.13.RELEASE.jar:/home/bcakan/.m2/repository/org/springframework/spring-orm/5.0.12.RELEASE/spring-orm-5.0.12.RELEASE.jar:/home/bcakan/.m2/repository/org/springframework/spring-aspects/5.0.12.RELEASE/spring-aspects-5.0.12.RELEASE.jar:/home/bcakan/.m2/repository/org/springframework/boot/spring-boot-starter-validation/2.0.8.RELEASE/spring-boot-starter-validation-2.0.8.RELEASE.jar:/home/bcakan/.m2/repository/org/apache/tomcat/embed/tomcat-embed-el/8.5.37/tomcat-embed-el-8.5.37.jar:, java.specification.name=Java Platform API Specification, java.class.version=52.0, sun.management.compiler=HotSpot 64-Bit Tiered Compilers, os.version=4.15.0-38-generic, user.home=/home/bcakan, user.timezone=Europe/Istanbul, java.awt.printerjob=sun.print.PSPrinterJob, file.encoding=UTF-8, java.specification.version=1.8, java.class.path=/home/bcakan/Documents/workspace-spring-tool-suite-4-4.0.1.RELEASE/MigrosOrderService/target/test-classes:/home/bcakan/Documents/workspace-spring-tool-suite-4-4.0.1.RELEASE/MigrosOrderService/target/classes:/home/bcakan/.m2/repository/org/springframework/boot/spring-boot-starter-web/2.0.8.RELEASE/spring-boot-starter-web-2.0.8.RELEASE.jar:/home/bcakan/.m2/repository/org/springframework/boot/spring-boot-starter/2.0.8.RELEASE/spring-boot-starter-2.0.8.RELEASE.jar:/home/bcakan/.m2/repository/org/springframework/boot/spring-boot/2.0.8.RELEASE/spring-boot-2.0.8.RELEASE.jar:/home/bcakan/.m2/repository/org/springframework/boot/spring-boot-autoconfigure/2.0.8.RELEASE/spring-boot-autoconfigure-2.0.8.RELEASE.jar:/home/bcakan/.m2/repository/org/springframework/boot/spring-boot-starter-logging/2.0.8.RELEASE/spring-boot-starter-logging-2.0.8.RELEASE.jar:/home/bcakan/.m2/repository/ch/qos/logback/logback-classic/1.2.3/logback-classic-1.2.3.jar:/home/bcakan/.m2/repository/ch/qos/logback/logback-core/1.2.3/logback-core-1.2.3.jar:/home/bcakan/.m2/repository/org/apache/logging/log4j/log4j-to-slf4j/2.10.0/log4j-to-slf4j-2.10.0.jar:/home/bcakan/.m2/repository/org/apache/logging/log4j/log4j-api/2.10.0/log4j-api-2.10.0.jar:/home/bcakan/.m2/repository/org/slf4j/jul-to-slf4j/1.7.25/jul-to-slf4j-1.7.25.jar:/home/bcakan/.m2/repository/javax/annotation/javax.annotation-api/1.3.2/javax.annotation-api-1.3.2.jar:/home/bcakan/.m2/repository/org/yaml/snakeyaml/1.19/snakeyaml-1.19.jar:/home/bcakan/.m2/repository/org/springframework/boot/spring-boot-starter-json/2.0.8.RELEASE/spring-boot-starter-json-2.0.8.RELEASE.jar:/home/bcakan/.m2/repository/com/fasterxml/jackson/core/jackson-databind/2.9.8/jackson-databind-2.9.8.jar:/home/bcakan/.m2/repository/com/fasterxml/jackson/datatype/jackson-datatype-jdk8/2.9.8/jackson-datatype-jdk8-2.9.8.jar:/home/bcakan/.m2/repository/com/fasterxml/jackson/datatype/jackson-datatype-jsr310/2.9.8/jackson-datatype-jsr310-2.9.8.jar:/home/bcakan/.m2/repository/com/fasterxml/jackson/module/jackson-module-parameter-names/2.9.8/jackson-module-parameter-names-2.9.8.jar:/home/bcakan/.m2/repository/org/springframework/boot/spring-boot-starter-tomcat/2.0.8.RELEASE/spring-boot-starter-tomcat-2.0.8.RELEASE.jar:/home/bcakan/.m2/repository/org/apache/tomcat/embed/tomcat-embed-core/8.5.37/tomcat-embed-core-8.5.37.jar:/home/bcakan/.m2/repository/org/apache/tomcat/embed/tomcat-embed-websocket/8.5.37/tomcat-embed-websocket-8.5.37.jar:/home/bcakan/.m2/repository/org/hibernate/validator/hibernate-validator/6.0.14.Final/hibernate-validator-6.0.14.Final.jar:/home/bcakan/.m2/repository/javax/validation/validation-api/2.0.1.Final/validation-api-2.0.1.Final.jar:/home/bcakan/.m2/repository/org/jboss/logging/jboss-logging/3.3.2.Final/jboss-logging-3.3.2.Final.jar:/home/bcakan/.m2/repository/com/fasterxml/classmate/1.3.4/classmate-1.3.4.jar:/home/bcakan/.m2/repository/org/springframework/spring-web/5.0.12.RELEASE/spring-web-5.0.12.RELEASE.jar:/home/bcakan/.m2/repository/org/springframework/spring-beans/5.0.12.RELEASE/spring-beans-5.0.12.RELEASE.jar:/home/bcakan/.m2/repository/org/springframework/spring-webmvc/5.0.12.RELEASE/spring-webmvc-5.0.12.RELEASE.jar:/home/bcakan/.m2/repository/org/springframework/spring-aop/5.0.12.RELEASE/spring-aop-5.0.12.RELEASE.jar:/home/bcakan/.m2/repository/org/springframework/spring-context/5.0.12.RELEASE/spring-context-5.0.12.RELEASE.jar:/home/bcakan/.m2/repository/org/springframework/spring-expression/5.0.12.RELEASE/spring-expression-5.0.12.RELEASE.jar:/home/bcakan/.m2/repository/org/springframework/cloud/spring-cloud-starter-netflix-eureka-client/2.0.2.RELEASE/spring-cloud-starter-netflix-eureka-client-2.0.2.RELEASE.jar:/home/bcakan/.m2/repository/org/springframework/cloud/spring-cloud-starter/2.0.2.RELEASE/spring-cloud-starter-2.0.2.RELEASE.jar:/home/bcakan/.m2/repository/org/springframework/cloud/spring-cloud-context/2.0.2.RELEASE/spring-cloud-context-2.0.2.RELEASE.jar:/home/bcakan/.m2/repository/org/springframework/security/spring-security-crypto/5.0.11.RELEASE/spring-security-crypto-5.0.11.RELEASE.jar:/home/bcakan/.m2/repository/org/springframework/cloud/spring-cloud-commons/2.0.2.RELEASE/spring-cloud-commons-2.0.2.RELEASE.jar:/home/bcakan/.m2/repository/org/springframework/security/spring-security-rsa/1.0.7.RELEASE/spring-security-rsa-1.0.7.RELEASE.jar:/home/bcakan/.m2/repository/org/bouncycastle/bcpkix-jdk15on/1.60/bcpkix-jdk15on-1.60.jar:/home/bcakan/.m2/repository/org/bouncycastle/bcprov-jdk15on/1.60/bcprov-jdk15on-1.60.jar:/home/bcakan/.m2/repository/org/springframework/cloud/spring-cloud-netflix-core/2.0.2.RELEASE/spring-cloud-netflix-core-2.0.2.RELEASE.jar:/home/bcakan/.m2/repository/org/springframework/cloud/spring-cloud-netflix-eureka-client/2.0.2.RELEASE/spring-cloud-netflix-eureka-client-2.0.2.RELEASE.jar:/home/bcakan/.m2/repository/com/netflix/eureka/eureka-client/1.9.3/eureka-client-1.9.3.jar:/home/bcakan/.m2/repository/org/codehaus/jettison/jettison/1.3.7/jettison-1.3.7.jar:/home/bcakan/.m2/repository/stax/stax-api/1.0.1/stax-api-1.0.1.jar:/home/bcakan/.m2/repository/com/netflix/netflix-commons/netflix-eventbus/0.3.0/netflix-eventbus-0.3.0.jar:/home/bcakan/.m2/repository/com/netflix/netflix-commons/netflix-infix/0.3.0/netflix-infix-0.3.0.jar:/home/bcakan/.m2/repository/commons-jxpath/commons-jxpath/1.3/commons-jxpath-1.3.jar:/home/bcakan/.m2/repository/joda-time/joda-time/2.9.9/joda-time-2.9.9.jar:/home/bcakan/.m2/repository/org/antlr/antlr-runtime/3.4/antlr-runtime-3.4.jar:/home/bcakan/.m2/repository/org/antlr/stringtemplate/3.2.1/stringtemplate-3.2.1.jar:/home/bcakan/.m2/repository/com/google/code/gson/gson/2.8.5/gson-2.8.5.jar:/home/bcakan/.m2/repository/org/apache/commons/commons-math/2.2/commons-math-2.2.jar:/home/bcakan/.m2/repository/com/netflix/archaius/archaius-core/0.7.6/archaius-core-0.7.6.jar:/home/bcakan/.m2/repository/com/google/guava/guava/16.0/guava-16.0.jar:/home/bcakan/.m2/repository/javax/ws/rs/jsr311-api/1.1.1/jsr311-api-1.1.1.jar:/home/bcakan/.m2/repository/com/netflix/servo/servo-core/0.12.21/servo-core-0.12.21.jar:/home/bcakan/.m2/repository/com/sun/jersey/jersey-core/1.19.1/jersey-core-1.19.1.jar:/home/bcakan/.m2/repository/com/sun/jersey/jersey-client/1.19.1/jersey-client-1.19.1.jar:/home/bcakan/.m2/repository/com/sun/jersey/contribs/jersey-apache-client4/1.19.1/jersey-apache-client4-1.19.1.jar:/home/bcakan/.m2/repository/org/apache/httpcomponents/httpclient/4.5.6/httpclient-4.5.6.jar:/home/bcakan/.m2/repository/org/apache/httpcomponents/httpcore/4.4.10/httpcore-4.4.10.jar:/home/bcakan/.m2/repository/commons-codec/commons-codec/1.11/commons-codec-1.11.jar:/home/bcakan/.m2/repository/com/google/inject/guice/4.1.0/guice-4.1.0.jar:/home/bcakan/.m2/repository/javax/inject/javax.inject/1/javax.inject-1.jar:/home/bcakan/.m2/repository/aopalliance/aopalliance/1.0/aopalliance-1.0.jar:/home/bcakan/.m2/repository/com/github/vlsi/compactmap/compactmap/1.2.1/compactmap-1.2.1.jar:/home/bcakan/.m2/repository/com/github/andrewoma/dexx/dexx-collections/0.2/dexx-collections-0.2.jar:/home/bcakan/.m2/repository/com/fasterxml/jackson/core/jackson-annotations/2.9.0/jackson-annotations-2.9.0.jar:/home/bcakan/.m2/repository/com/fasterxml/jackson/core/jackson-core/2.9.8/jackson-core-2.9.8.jar:/home/bcakan/.m2/repository/com/netflix/eureka/eureka-core/1.9.3/eureka-core-1.9.3.jar:/home/bcakan/.m2/repository/org/codehaus/woodstox/woodstox-core-asl/4.4.1/woodstox-core-asl-4.4.1.jar:/home/bcakan/.m2/repository/javax/xml/stream/stax-api/1.0-2/stax-api-1.0-2.jar:/home/bcakan/.m2/repository/org/codehaus/woodstox/stax2-api/3.1.4/stax2-api-3.1.4.jar:/home/bcakan/.m2/repository/org/springframework/cloud/spring-cloud-starter-netflix-archaius/2.0.2.RELEASE/spring-cloud-starter-netflix-archaius-2.0.2.RELEASE.jar:/home/bcakan/.m2/repository/org/springframework/cloud/spring-cloud-netflix-ribbon/2.0.2.RELEASE/spring-cloud-netflix-ribbon-2.0.2.RELEASE.jar:/home/bcakan/.m2/repository/org/springframework/cloud/spring-cloud-netflix-archaius/2.0.2.RELEASE/spring-cloud-netflix-archaius-2.0.2.RELEASE.jar:/home/bcakan/.m2/repository/commons-configuration/commons-configuration/1.8/commons-configuration-1.8.jar:/home/bcakan/.m2/repository/commons-lang/commons-lang/2.6/commons-lang-2.6.jar:/home/bcakan/.m2/repository/org/springframework/cloud/spring-cloud-starter-netflix-ribbon/2.0.2.RELEASE/spring-cloud-starter-netflix-ribbon-2.0.2.RELEASE.jar:/home/bcakan/.m2/repository/com/netflix/ribbon/ribbon/2.2.5/ribbon-2.2.5.jar:/home/bcakan/.m2/repository/com/netflix/ribbon/ribbon-transport/2.2.5/ribbon-transport-2.2.5.jar:/home/bcakan/.m2/repository/io/reactivex/rxnetty-contexts/0.4.9/rxnetty-contexts-0.4.9.jar:/home/bcakan/.m2/repository/io/reactivex/rxnetty-servo/0.4.9/rxnetty-servo-0.4.9.jar:/home/bcakan/.m2/repository/com/netflix/hystrix/hystrix-core/1.5.12/hystrix-core-1.5.12.jar:/home/bcakan/.m2/repository/org/hdrhistogram/HdrHistogram/2.1.9/HdrHistogram-2.1.9.jar:/home/bcakan/.m2/repository/io/reactivex/rxnetty/0.4.9/rxnetty-0.4.9.jar:/home/bcakan/.m2/repository/com/netflix/ribbon/ribbon-core/2.2.5/ribbon-core-2.2.5.jar:/home/bcakan/.m2/repository/com/netflix/ribbon/ribbon-httpclient/2.2.5/ribbon-httpclient-2.2.5.jar:/home/bcakan/.m2/repository/commons-collections/commons-collections/3.2.2/commons-collections-3.2.2.jar:/home/bcakan/.m2/repository/com/netflix/netflix-commons/netflix-commons-util/0.3.0/netflix-commons-util-0.3.0.jar:/home/bcakan/.m2/repository/com/netflix/ribbon/ribbon-loadbalancer/2.2.5/ribbon-loadbalancer-2.2.5.jar:/home/bcakan/.m2/repository/com/netflix/netflix-commons/netflix-statistics/0.1.1/netflix-statistics-0.1.1.jar:/home/bcakan/.m2/repository/io/reactivex/rxjava/1.3.8/rxjava-1.3.8.jar:/home/bcakan/.m2/repository/com/netflix/ribbon/ribbon-eureka/2.2.5/ribbon-eureka-2.2.5.jar:/home/bcakan/.m2/repository/org/slf4j/slf4j-api/1.7.25/slf4j-api-1.7.25.jar:/home/bcakan/.m2/repository/com/thoughtworks/xstream/xstream/1.4.10/xstream-1.4.10.jar:/home/bcakan/.m2/repository/xmlpull/xmlpull/1.1.3.1/xmlpull-1.1.3.1.jar:/home/bcakan/.m2/repository/xpp3/xpp3_min/1.1.4c/xpp3_min-1.1.4c.jar:/home/bcakan/.m2/repository/org/springframework/boot/spring-boot-starter-test/2.0.8.RELEASE/spring-boot-starter-test-2.0.8.RELEASE.jar:/home/bcakan/.m2/repository/org/springframework/boot/spring-boot-test/2.0.8.RELEASE/spring-boot-test-2.0.8.RELEASE.jar:/home/bcakan/.m2/repository/org/springframework/boot/spring-boot-test-autoconfigure/2.0.8.RELEASE/spring-boot-test-autoconfigure-2.0.8.RELEASE.jar:/home/bcakan/.m2/repository/com/jayway/jsonpath/json-path/2.4.0/json-path-2.4.0.jar:/home/bcakan/.m2/repository/net/minidev/json-smart/2.3/json-smart-2.3.jar:/home/bcakan/.m2/repository/net/minidev/accessors-smart/1.2/accessors-smart-1.2.jar:/home/bcakan/.m2/repository/org/ow2/asm/asm/5.0.4/asm-5.0.4.jar:/home/bcakan/.m2/repository/junit/junit/4.12/junit-4.12.jar:/home/bcakan/.m2/repository/org/assertj/assertj-core/3.9.1/assertj-core-3.9.1.jar:/home/bcakan/.m2/repository/org/mockito/mockito-core/2.15.0/mockito-core-2.15.0.jar:/home/bcakan/.m2/repository/net/bytebuddy/byte-buddy/1.7.11/byte-buddy-1.7.11.jar:/home/bcakan/.m2/repository/net/bytebuddy/byte-buddy-agent/1.7.11/byte-buddy-agent-1.7.11.jar:/home/bcakan/.m2/repository/org/objenesis/objenesis/2.6/objenesis-2.6.jar:/home/bcakan/.m2/repository/org/hamcrest/hamcrest-core/1.3/hamcrest-core-1.3.jar:/home/bcakan/.m2/repository/org/hamcrest/hamcrest-library/1.3/hamcrest-library-1.3.jar:/home/bcakan/.m2/repository/org/skyscreamer/jsonassert/1.5.0/jsonassert-1.5.0.jar:/home/bcakan/.m2/repository/com/vaadin/external/google/android-json/0.0.20131108.vaadin1/android-json-0.0.20131108.vaadin1.jar:/home/bcakan/.m2/repository/org/springframework/spring-core/5.0.12.RELEASE/spring-core-5.0.12.RELEASE.jar:/home/bcakan/.m2/repository/org/springframework/spring-jcl/5.0.12.RELEASE/spring-jcl-5.0.12.RELEASE.jar:/home/bcakan/.m2/repository/org/springframework/spring-test/5.0.12.RELEASE/spring-test-5.0.12.RELEASE.jar:/home/bcakan/.m2/repository/org/xmlunit/xmlunit-core/2.5.1/xmlunit-core-2.5.1.jar:/home/bcakan/.m2/repository/com/h2database/h2/1.4.197/h2-1.4.197.jar:/home/bcakan/.m2/repository/org/springframework/boot/spring-boot-starter-jdbc/2.0.8.RELEASE/spring-boot-starter-jdbc-2.0.8.RELEASE.jar:/home/bcakan/.m2/repository/com/zaxxer/HikariCP/2.7.9/HikariCP-2.7.9.jar:/home/bcakan/.m2/repository/org/springframework/spring-jdbc/5.0.12.RELEASE/spring-jdbc-5.0.12.RELEASE.jar:/home/bcakan/.m2/repository/org/springframework/spring-tx/5.0.12.RELEASE/spring-tx-5.0.12.RELEASE.jar:/home/bcakan/.m2/repository/org/springframework/boot/spring-boot-starter-data-jpa/2.0.8.RELEASE/spring-boot-starter-data-jpa-2.0.8.RELEASE.jar:/home/bcakan/.m2/repository/org/springframework/boot/spring-boot-starter-aop/2.0.8.RELEASE/spring-boot-starter-aop-2.0.8.RELEASE.jar:/home/bcakan/.m2/repository/org/aspectj/aspectjweaver/1.8.13/aspectjweaver-1.8.13.jar:/home/bcakan/.m2/repository/javax/transaction/javax.transaction-api/1.2/javax.transaction-api-1.2.jar:/home/bcakan/.m2/repository/org/hibernate/hibernate-core/5.2.17.Final/hibernate-core-5.2.17.Final.jar:/home/bcakan/.m2/repository/org/hibernate/javax/persistence/hibernate-jpa-2.1-api/1.0.2.Final/hibernate-jpa-2.1-api-1.0.2.Final.jar:/home/bcakan/.m2/repository/org/javassist/javassist/3.22.0-GA/javassist-3.22.0-GA.jar:/home/bcakan/.m2/repository/antlr/antlr/2.7.7/antlr-2.7.7.jar:/home/bcakan/.m2/repository/org/jboss/jandex/2.0.3.Final/jandex-2.0.3.Final.jar:/home/bcakan/.m2/repository/dom4j/dom4j/1.6.1/dom4j-1.6.1.jar:/home/bcakan/.m2/repository/org/hibernate/common/hibernate-commons-annotations/5.0.1.Final/hibernate-commons-annotations-5.0.1.Final.jar:/home/bcakan/.m2/repository/org/springframework/data/spring-data-jpa/2.0.13.RELEASE/spring-data-jpa-2.0.13.RELEASE.jar:/home/bcakan/.m2/repository/org/springframework/data/spring-data-commons/2.0.13.RELEASE/spring-data-commons-2.0.13.RELEASE.jar:/home/bcakan/.m2/repository/org/springframework/spring-orm/5.0.12.RELEASE/spring-orm-5.0.12.RELEASE.jar:/home/bcakan/.m2/repository/org/springframework/spring-aspects/5.0.12.RELEASE/spring-aspects-5.0.12.RELEASE.jar:/home/bcakan/.m2/repository/org/springframework/boot/spring-boot-starter-validation/2.0.8.RELEASE/spring-boot-starter-validation-2.0.8.RELEASE.jar:/home/bcakan/.m2/repository/org/apache/tomcat/embed/tomcat-embed-el/8.5.37/tomcat-embed-el-8.5.37.jar:, user.name=bcakan, java.vm.specification.version=1.8, sun.java.command=/home/bcakan/Documents/workspace-spring-tool-suite-4-4.0.1.RELEASE/MigrosOrderService/target/surefire/surefirebooter750459238367928028.jar /home/bcakan/Documents/workspace-spring-tool-suite-4-4.0.1.RELEASE/MigrosOrderService/target/surefire 2019-01-17T00-29-11_131-jvmRun1 surefire1821240643416337268tmp surefire_07535707749093741203tmp, java.home=/usr/lib/jvm/java-8-oracle/jre, sun.arch.data.model=64, user.language=en, java.specification.vendor=Oracle Corporation, awt.toolkit=sun.awt.X11.XToolkit, java.vm.info=mixed mode, java.version=1.8.0_181, java.ext.dirs=/usr/lib/jvm/java-8-oracle/jre/lib/ext:/usr/java/packages/lib/ext, sun.boot.class.path=/usr/lib/jvm/java-8-oracle/jre/lib/resources.jar:/usr/lib/jvm/java-8-oracle/jre/lib/rt.jar:/usr/lib/jvm/java-8-oracle/jre/lib/sunrsasign.jar:/usr/lib/jvm/java-8-oracle/jre/lib/jsse.jar:/usr/lib/jvm/java-8-oracle/jre/lib/jce.jar:/usr/lib/jvm/java-8-oracle/jre/lib/charsets.jar:/usr/lib/jvm/java-8-oracle/jre/lib/jfr.jar:/usr/lib/jvm/java-8-oracle/jre/classes, java.vendor=Oracle Corporation, localRepository=/home/bcakan/.m2/repository, file.separator=/, java.vendor.url.bug=http://bugreport.sun.com/bugreport/, sun.io.unicode.encoding=UnicodeLittle, sun.cpu.endian=little, sun.desktop=gnome, sun.cpu.isalist=}}, SystemEnvironmentPropertySource@1500608548 {name='systemEnvironment', properties={PATH=/home/bcakan/anaconda3/bin:/home/bcakan/bin:/home/bcakan/.local/bin:/usr/local/sbin:/usr/local/bin:/usr/sbin:/usr/bin:/sbin:/bin:/usr/games:/usr/local/games:/snap/bin, LC_MEASUREMENT=tr_TR.UTF-8, XAUTHORITY=/home/bcakan/.Xauthority, LC_TELEPHONE=tr_TR.UTF-8, XDG_DATA_DIRS=/usr/share/cinnamon:/usr/share/gnome:/home/bcakan/.local/share/flatpak/exports/share:/var/lib/flatpak/exports/share:/usr/local/share:/usr/share:/var/lib/snapd/desktop, GDMSESSION=cinnamon, MANDATORY_PATH=/usr/share/gconf/cinnamon.mandatory.path, CONDA_DEFAULT_ENV=base, CONDA_PYTHON_EXE=/home/bcakan/anaconda3/bin/python, DBUS_SESSION_BUS_ADDRESS=unix:abstract=/tmp/dbus-mlFhhbTXgo,guid=5b31be5e8bbbedb65e34828b5c3f8f05, DEFAULTS_PATH=/usr/share/gconf/cinnamon.default.path, CONDA_PREFIX=/home/bcakan/anaconda3, XDG_CURRENT_DESKTOP=X-Cinnamon, INSIDE_NEMO_PYTHON=, SSH_AGENT_PID=2437, COLORTERM=truecolor, LC_PAPER=tr_TR.UTF-8, SESSION_MANAGER=local/bcakan-Inspiron-7577:@/tmp/.ICE-unix/2365,unix/bcakan-Inspiron-7577:/tmp/.ICE-unix/2365, LOGNAME=bcakan, PWD=/home/bcakan/Documents/workspace-spring-tool-suite-4-4.0.1.RELEASE/MigrosOrderService, LANGUAGE=en_US, SHELL=/bin/bash, LESSOPEN=| /usr/bin/lesspipe %s, LC_ADDRESS=tr_TR.UTF-8, OLDPWD=/home/bcakan/Documents/workspace-spring-tool-suite-4-4.0.1.RELEASE/MigrosOrderService, GNOME_DESKTOP_SESSION_ID=this-is-deprecated, GNOME_TERMINAL_SCREEN=/org/gnome/Terminal/screen/0dd734d8_4658_4b92_9992_48dd516fe0a6, GTK_MODULES=gail:atk-bridge, XDG_SESSION_PATH=/org/freedesktop/DisplayManager/Session0, CONDA_PROMPT_MODIFIER=, LS_COLORS=rs=0:di=01;34:ln=01;36:mh=00:pi=40;33:so=01;35:do=01;35:bd=40;33;01:cd=40;33;01:or=40;31;01:mi=00:su=37;41:sg=30;43:ca=30;41:tw=30;42:ow=34;42:st=37;44:ex=01;32:*.tar=01;31:*.tgz=01;31:*.arc=01;31:*.arj=01;31:*.taz=01;31:*.lha=01;31:*.lz4=01;31:*.lzh=01;31:*.lzma=01;31:*.tlz=01;31:*.txz=01;31:*.tzo=01;31:*.t7z=01;31:*.zip=01;31:*.z=01;31:*.Z=01;31:*.dz=01;31:*.gz=01;31:*.lrz=01;31:*.lz=01;31:*.lzo=01;31:*.xz=01;31:*.zst=01;31:*.tzst=01;31:*.bz2=01;31:*.bz=01;31:*.tbz=01;31:*.tbz2=01;31:*.tz=01;31:*.deb=01;31:*.rpm=01;31:*.jar=01;31:*.war=01;31:*.ear=01;31:*.sar=01;31:*.rar=01;31:*.alz=01;31:*.ace=01;31:*.zoo=01;31:*.cpio=01;31:*.7z=01;31:*.rz=01;31:*.cab=01;31:*.wim=01;31:*.swm=01;31:*.dwm=01;31:*.esd=01;31:*.jpg=01;35:*.jpeg=01;35:*.mjpg=01;35:*.mjpeg=01;35:*.gif=01;35:*.bmp=01;35:*.pbm=01;35:*.pgm=01;35:*.ppm=01;35:*.tga=01;35:*.xbm=01;35:*.xpm=01;35:*.tif=01;35:*.tiff=01;35:*.png=01;35:*.svg=01;35:*.svgz=01;35:*.mng=01;35:*.pcx=01;35:*.mov=01;35:*.mpg=01;35:*.mpeg=01;35:*.m2v=01;35:*.mkv=01;35:*.webm=01;35:*.ogm=01;35:*.mp4=01;35:*.m4v=01;35:*.mp4v=01;35:*.vob=01;35:*.qt=01;35:*.nuv=01;35:*.wmv=01;35:*.asf=01;35:*.rm=01;35:*.rmvb=01;35:*.flc=01;35:*.avi=01;35:*.fli=01;35:*.flv=01;35:*.gl=01;35:*.dl=01;35:*.xcf=01;35:*.xwd=01;35:*.yuv=01;35:*.cgm=01;35:*.emf=01;35:*.ogv=01;35:*.ogx=01;35:*.aac=00;36:*.au=00;36:*.flac=00;36:*.m4a=00;36:*.mid=00;36:*.midi=00;36:*.mka=00;36:*.mp3=00;36:*.mpc=00;36:*.ogg=00;36:*.ra=00;36:*.wav=00;36:*.oga=00;36:*.opus=00;36:*.spx=00;36:*.xspf=00;36:, XDG_SESSION_DESKTOP=cinnamon, SHLVL=1, LC_IDENTIFICATION=tr_TR.UTF-8, LESSCLOSE=/usr/bin/lesspipe %s %s, LC_MONETARY=tr_TR.UTF-8, CONDA_EXE=/home/bcakan/anaconda3/bin/conda, TERM=xterm-256color, XDG_CONFIG_DIRS=/etc/xdg/xdg-cinnamon:/etc/xdg, GNOME_TERMINAL_SERVICE=:1.102, LANG=en_US.UTF-8, XDG_SEAT_PATH=/org/freedesktop/DisplayManager/Seat0, XDG_SESSION_ID=c2, XDG_SESSION_TYPE=x11, DISPLAY=:0, LC_NAME=tr_TR.UTF-8, MAVEN_CMD_LINE_ARGS= clean install -X, CONDA_SHLVL=1, _=/usr/bin/mvn, GDM_LANG=en_US, XDG_GREETER_DATA_DIR=/var/lib/lightdm-data/bcakan, GPG_AGENT_INFO=/run/user/1000/gnupg/S.gpg-agent:0:1, MAVEN_PROJECTBASEDIR=/home/bcakan/Documents/workspace-spring-tool-suite-4-4.0.1.RELEASE/MigrosOrderService, DESKTOP_SESSION=cinnamon, USER=bcakan, VTE_VERSION=5202, QT_ACCESSIBILITY=1, LC_NUMERIC=tr_TR.UTF-8, SSH_AUTH_SOCK=/run/user/1000/keyring/ssh, XDG_SEAT=seat0, GTK_OVERLAY_SCROLLING=1, XDG_VTNR=7, XDG_RUNTIME_DIR=/run/user/1000, HOME=/home/bcakan}}]
00:29:11.815 [main] DEBUG org.springframework.core.io.support.PathMatchingResourcePatternResolver - Resolved classpath location [com/migros/order/] to resources [URL [file:/home/bcakan/Documents/workspace-spring-tool-suite-4-4.0.1.RELEASE/MigrosOrderService/target/test-classes/com/migros/order/], URL [file:/home/bcakan/Documents/workspace-spring-tool-suite-4-4.0.1.RELEASE/MigrosOrderService/target/classes/com/migros/order/]]
00:29:11.815 [main] DEBUG org.springframework.core.io.support.PathMatchingResourcePatternResolver - Looking for matching resources in directory tree [/home/bcakan/Documents/workspace-spring-tool-suite-4-4.0.1.RELEASE/MigrosOrderService/target/test-classes/com/migros/order]
00:29:11.815 [main] DEBUG org.springframework.core.io.support.PathMatchingResourcePatternResolver - Searching directory [/home/bcakan/Documents/workspace-spring-tool-suite-4-4.0.1.RELEASE/MigrosOrderService/target/test-classes/com/migros/order] for files matching pattern [/home/bcakan/Documents/workspace-spring-tool-suite-4-4.0.1.RELEASE/MigrosOrderService/target/test-classes/com/migros/order/*.class]
00:29:11.817 [main] DEBUG org.springframework.core.io.support.PathMatchingResourcePatternResolver - Looking for matching resources in directory tree [/home/bcakan/Documents/workspace-spring-tool-suite-4-4.0.1.RELEASE/MigrosOrderService/target/classes/com/migros/order]
00:29:11.818 [main] DEBUG org.springframework.core.io.support.PathMatchingResourcePatternResolver - Searching directory [/home/bcakan/Documents/workspace-spring-tool-suite-4-4.0.1.RELEASE/MigrosOrderService/target/classes/com/migros/order] for files matching pattern [/home/bcakan/Documents/workspace-spring-tool-suite-4-4.0.1.RELEASE/MigrosOrderService/target/classes/com/migros/order/*.class]
00:29:11.819 [main] DEBUG org.springframework.core.io.support.PathMatchingResourcePatternResolver - Resolved location pattern [classpath*:com/migros/order/*.class] to resources [file [/home/bcakan/Documents/workspace-spring-tool-suite-4-4.0.1.RELEASE/MigrosOrderService/target/test-classes/com/migros/order/MigrosOrderServiceApplicationTests.class], file [/home/bcakan/Documents/workspace-spring-tool-suite-4-4.0.1.RELEASE/MigrosOrderService/target/classes/com/migros/order/MigrosOrderServiceApplication.class]]
00:29:11.865 [main] DEBUG org.springframework.context.annotation.ClassPathScanningCandidateComponentProvider - Identified candidate component class: file [/home/bcakan/Documents/workspace-spring-tool-suite-4-4.0.1.RELEASE/MigrosOrderService/target/classes/com/migros/order/MigrosOrderServiceApplication.class]
00:29:11.867 [main] INFO org.springframework.boot.test.context.SpringBootTestContextBootstrapper - Found @SpringBootConfiguration com.migros.order.MigrosOrderServiceApplication for test class com.migros.order.MigrosOrderServiceApplicationTests
00:29:12.007 [main] DEBUG org.springframework.boot.test.context.SpringBootTestContextBootstrapper - @TestExecutionListeners is not present for class [com.migros.order.MigrosOrderServiceApplicationTests]: using defaults.
00:29:12.008 [main] INFO org.springframework.boot.test.context.SpringBootTestContextBootstrapper - Loaded default TestExecutionListener class names from location [META-INF/spring.factories]: [org.springframework.boot.test.mock.mockito.MockitoTestExecutionListener, org.springframework.boot.test.mock.mockito.ResetMocksTestExecutionListener, org.springframework.boot.test.autoconfigure.restdocs.RestDocsTestExecutionListener, org.springframework.boot.test.autoconfigure.web.client.MockRestServiceServerResetTestExecutionListener, org.springframework.boot.test.autoconfigure.web.servlet.MockMvcPrintOnlyOnFailureTestExecutionListener, org.springframework.boot.test.autoconfigure.web.servlet.WebDriverTestExecutionListener, org.springframework.test.context.web.ServletTestExecutionListener, org.springframework.test.context.support.DirtiesContextBeforeModesTestExecutionListener, org.springframework.test.context.support.DependencyInjectionTestExecutionListener, org.springframework.test.context.support.DirtiesContextTestExecutionListener, org.springframework.test.context.transaction.TransactionalTestExecutionListener, org.springframework.test.context.jdbc.SqlScriptsTestExecutionListener]
00:29:12.019 [main] INFO org.springframework.boot.test.context.SpringBootTestContextBootstrapper - Using TestExecutionListeners: [org.springframework.test.context.web.ServletTestExecutionListener@236e3f4e, org.springframework.test.context.support.DirtiesContextBeforeModesTestExecutionListener@3cc1435c, org.springframework.boot.test.mock.mockito.MockitoTestExecutionListener@6bf0219d, org.springframework.boot.test.autoconfigure.SpringBootDependencyInjectionTestExecutionListener@dd0c991, org.springframework.test.context.support.DirtiesContextTestExecutionListener@5f16132a, org.springframework.test.context.transaction.TransactionalTestExecutionListener@69fb6037, org.springframework.test.context.jdbc.SqlScriptsTestExecutionListener@36d585c, org.springframework.boot.test.mock.mockito.ResetMocksTestExecutionListener@87a85e1, org.springframework.boot.test.autoconfigure.restdocs.RestDocsTestExecutionListener@671a5887, org.springframework.boot.test.autoconfigure.web.client.MockRestServiceServerResetTestExecutionListener@5552768b, org.springframework.boot.test.autoconfigure.web.servlet.MockMvcPrintOnlyOnFailureTestExecutionListener@3c947bc5, org.springframework.boot.test.autoconfigure.web.servlet.WebDriverTestExecutionListener@609db43b]
00:29:12.021 [main] DEBUG org.springframework.test.annotation.ProfileValueUtils - Retrieved @ProfileValueSourceConfiguration [null] for test class [com.migros.order.MigrosOrderServiceApplicationTests]
00:29:12.022 [main] DEBUG org.springframework.test.annotation.ProfileValueUtils - Retrieved ProfileValueSource type [class org.springframework.test.annotation.SystemProfileValueSource] for class [com.migros.order.MigrosOrderServiceApplicationTests]
00:29:12.024 [main] DEBUG org.springframework.test.annotation.ProfileValueUtils - Retrieved @ProfileValueSourceConfiguration [null] for test class [com.migros.order.MigrosOrderServiceApplicationTests]
00:29:12.024 [main] DEBUG org.springframework.test.annotation.ProfileValueUtils - Retrieved ProfileValueSource type [class org.springframework.test.annotation.SystemProfileValueSource] for class [com.migros.order.MigrosOrderServiceApplicationTests]
00:29:12.024 [main] DEBUG org.springframework.test.annotation.ProfileValueUtils - Retrieved @ProfileValueSourceConfiguration [null] for test class [com.migros.order.MigrosOrderServiceApplicationTests]
00:29:12.025 [main] DEBUG org.springframework.test.annotation.ProfileValueUtils - Retrieved ProfileValueSource type [class org.springframework.test.annotation.SystemProfileValueSource] for class [com.migros.order.MigrosOrderServiceApplicationTests]
00:29:12.028 [main] DEBUG org.springframework.test.context.support.AbstractDirtiesContextTestExecutionListener - Before test class: context [DefaultTestContext@52102734 testClass = MigrosOrderServiceApplicationTests, testInstance = [null], testMethod = [null], testException = [null], mergedContextConfiguration = [WebMergedContextConfiguration@3541cb24 testClass = MigrosOrderServiceApplicationTests, locations = '{}', classes = '{class com.migros.order.MigrosOrderServiceApplication}', contextInitializerClasses = '[]', activeProfiles = '{}', propertySourceLocations = '{}', propertySourceProperties = '{org.springframework.boot.test.context.SpringBootTestContextBootstrapper=true}', contextCustomizers = set[org.springframework.boot.test.context.filter.ExcludeFilterContextCustomizer@57f23557, org.springframework.boot.test.json.DuplicateJsonObjectContextCustomizerFactory$DuplicateJsonObjectContextCustomizer@44f75083, org.springframework.boot.test.mock.mockito.MockitoContextCustomizer@0, org.springframework.boot.test.web.client.TestRestTemplateContextCustomizer@2a40cd94, org.springframework.boot.test.autoconfigure.properties.PropertyMappingContextCustomizer@0, org.springframework.boot.test.autoconfigure.web.servlet.WebDriverContextCustomizerFactory$Customizer@5cdd8682], resourceBasePath = 'src/main/webapp', contextLoader = 'org.springframework.boot.test.context.SpringBootContextLoader', parent = [null]], attributes = map['org.springframework.test.context.web.ServletTestExecutionListener.activateListener' -> true]], class annotated with @DirtiesContext [false] with mode [null].
00:29:12.028 [main] DEBUG org.springframework.test.annotation.ProfileValueUtils - Retrieved @ProfileValueSourceConfiguration [null] for test class [com.migros.order.MigrosOrderServiceApplicationTests]
00:29:12.028 [main] DEBUG org.springframework.test.annotation.ProfileValueUtils - Retrieved ProfileValueSource type [class org.springframework.test.annotation.SystemProfileValueSource] for class [com.migros.order.MigrosOrderServiceApplicationTests]
00:29:12.044 [main] DEBUG org.springframework.core.env.StandardEnvironment - Adding PropertySource 'systemProperties' with lowest search precedence
00:29:12.044 [main] DEBUG org.springframework.core.env.StandardEnvironment - Adding PropertySource 'systemEnvironment' with lowest search precedence
00:29:12.045 [main] DEBUG org.springframework.core.env.StandardEnvironment - Initialized StandardEnvironment with PropertySources [MapPropertySource@423583818 {name='systemProperties', properties={java.runtime.name=Java(TM) SE Runtime Environment, sun.boot.library.path=/usr/lib/jvm/java-8-oracle/jre/lib/amd64, java.vm.version=25.181-b13, java.vm.vendor=Oracle Corporation, java.vendor.url=http://java.oracle.com/, path.separator=:, java.vm.name=Java HotSpot(TM) 64-Bit Server VM, file.encoding.pkg=sun.io, user.country=US, sun.java.launcher=SUN_STANDARD, sun.os.patch.level=unknown, java.vm.specification.name=Java Virtual Machine Specification, user.dir=/home/bcakan/Documents/workspace-spring-tool-suite-4-4.0.1.RELEASE/MigrosOrderService, java.runtime.version=1.8.0_181-b13, basedir=/home/bcakan/Documents/workspace-spring-tool-suite-4-4.0.1.RELEASE/MigrosOrderService, java.awt.graphicsenv=sun.awt.X11GraphicsEnvironment, java.endorsed.dirs=/usr/lib/jvm/java-8-oracle/jre/lib/endorsed, os.arch=amd64, surefire.real.class.path=/home/bcakan/Documents/workspace-spring-tool-suite-4-4.0.1.RELEASE/MigrosOrderService/target/surefire/surefirebooter750459238367928028.jar, java.io.tmpdir=/tmp, line.separator=
, java.vm.specification.vendor=Oracle Corporation, os.name=Linux, sun.jnu.encoding=UTF-8, java.library.path=/usr/java/packages/lib/amd64:/usr/lib64:/lib64:/lib:/usr/lib, surefire.test.class.path=/home/bcakan/Documents/workspace-spring-tool-suite-4-4.0.1.RELEASE/MigrosOrderService/target/test-classes:/home/bcakan/Documents/workspace-spring-tool-suite-4-4.0.1.RELEASE/MigrosOrderService/target/classes:/home/bcakan/.m2/repository/org/springframework/boot/spring-boot-starter-web/2.0.8.RELEASE/spring-boot-starter-web-2.0.8.RELEASE.jar:/home/bcakan/.m2/repository/org/springframework/boot/spring-boot-starter/2.0.8.RELEASE/spring-boot-starter-2.0.8.RELEASE.jar:/home/bcakan/.m2/repository/org/springframework/boot/spring-boot/2.0.8.RELEASE/spring-boot-2.0.8.RELEASE.jar:/home/bcakan/.m2/repository/org/springframework/boot/spring-boot-autoconfigure/2.0.8.RELEASE/spring-boot-autoconfigure-2.0.8.RELEASE.jar:/home/bcakan/.m2/repository/org/springframework/boot/spring-boot-starter-logging/2.0.8.RELEASE/spring-boot-starter-logging-2.0.8.RELEASE.jar:/home/bcakan/.m2/repository/ch/qos/logback/logback-classic/1.2.3/logback-classic-1.2.3.jar:/home/bcakan/.m2/repository/ch/qos/logback/logback-core/1.2.3/logback-core-1.2.3.jar:/home/bcakan/.m2/repository/org/apache/logging/log4j/log4j-to-slf4j/2.10.0/log4j-to-slf4j-2.10.0.jar:/home/bcakan/.m2/repository/org/apache/logging/log4j/log4j-api/2.10.0/log4j-api-2.10.0.jar:/home/bcakan/.m2/repository/org/slf4j/jul-to-slf4j/1.7.25/jul-to-slf4j-1.7.25.jar:/home/bcakan/.m2/repository/javax/annotation/javax.annotation-api/1.3.2/javax.annotation-api-1.3.2.jar:/home/bcakan/.m2/repository/org/yaml/snakeyaml/1.19/snakeyaml-1.19.jar:/home/bcakan/.m2/repository/org/springframework/boot/spring-boot-starter-json/2.0.8.RELEASE/spring-boot-starter-json-2.0.8.RELEASE.jar:/home/bcakan/.m2/repository/com/fasterxml/jackson/core/jackson-databind/2.9.8/jackson-databind-2.9.8.jar:/home/bcakan/.m2/repository/com/fasterxml/jackson/datatype/jackson-datatype-jdk8/2.9.8/jackson-datatype-jdk8-2.9.8.jar:/home/bcakan/.m2/repository/com/fasterxml/jackson/datatype/jackson-datatype-jsr310/2.9.8/jackson-datatype-jsr310-2.9.8.jar:/home/bcakan/.m2/repository/com/fasterxml/jackson/module/jackson-module-parameter-names/2.9.8/jackson-module-parameter-names-2.9.8.jar:/home/bcakan/.m2/repository/org/springframework/boot/spring-boot-starter-tomcat/2.0.8.RELEASE/spring-boot-starter-tomcat-2.0.8.RELEASE.jar:/home/bcakan/.m2/repository/org/apache/tomcat/embed/tomcat-embed-core/8.5.37/tomcat-embed-core-8.5.37.jar:/home/bcakan/.m2/repository/org/apache/tomcat/embed/tomcat-embed-websocket/8.5.37/tomcat-embed-websocket-8.5.37.jar:/home/bcakan/.m2/repository/org/hibernate/validator/hibernate-validator/6.0.14.Final/hibernate-validator-6.0.14.Final.jar:/home/bcakan/.m2/repository/javax/validation/validation-api/2.0.1.Final/validation-api-2.0.1.Final.jar:/home/bcakan/.m2/repository/org/jboss/logging/jboss-logging/3.3.2.Final/jboss-logging-3.3.2.Final.jar:/home/bcakan/.m2/repository/com/fasterxml/classmate/1.3.4/classmate-1.3.4.jar:/home/bcakan/.m2/repository/org/springframework/spring-web/5.0.12.RELEASE/spring-web-5.0.12.RELEASE.jar:/home/bcakan/.m2/repository/org/springframework/spring-beans/5.0.12.RELEASE/spring-beans-5.0.12.RELEASE.jar:/home/bcakan/.m2/repository/org/springframework/spring-webmvc/5.0.12.RELEASE/spring-webmvc-5.0.12.RELEASE.jar:/home/bcakan/.m2/repository/org/springframework/spring-aop/5.0.12.RELEASE/spring-aop-5.0.12.RELEASE.jar:/home/bcakan/.m2/repository/org/springframework/spring-context/5.0.12.RELEASE/spring-context-5.0.12.RELEASE.jar:/home/bcakan/.m2/repository/org/springframework/spring-expression/5.0.12.RELEASE/spring-expression-5.0.12.RELEASE.jar:/home/bcakan/.m2/repository/org/springframework/cloud/spring-cloud-starter-netflix-eureka-client/2.0.2.RELEASE/spring-cloud-starter-netflix-eureka-client-2.0.2.RELEASE.jar:/home/bcakan/.m2/repository/org/springframework/cloud/spring-cloud-starter/2.0.2.RELEASE/spring-cloud-starter-2.0.2.RELEASE.jar:/home/bcakan/.m2/repository/org/springframework/cloud/spring-cloud-context/2.0.2.RELEASE/spring-cloud-context-2.0.2.RELEASE.jar:/home/bcakan/.m2/repository/org/springframework/security/spring-security-crypto/5.0.11.RELEASE/spring-security-crypto-5.0.11.RELEASE.jar:/home/bcakan/.m2/repository/org/springframework/cloud/spring-cloud-commons/2.0.2.RELEASE/spring-cloud-commons-2.0.2.RELEASE.jar:/home/bcakan/.m2/repository/org/springframework/security/spring-security-rsa/1.0.7.RELEASE/spring-security-rsa-1.0.7.RELEASE.jar:/home/bcakan/.m2/repository/org/bouncycastle/bcpkix-jdk15on/1.60/bcpkix-jdk15on-1.60.jar:/home/bcakan/.m2/repository/org/bouncycastle/bcprov-jdk15on/1.60/bcprov-jdk15on-1.60.jar:/home/bcakan/.m2/repository/org/springframework/cloud/spring-cloud-netflix-core/2.0.2.RELEASE/spring-cloud-netflix-core-2.0.2.RELEASE.jar:/home/bcakan/.m2/repository/org/springframework/cloud/spring-cloud-netflix-eureka-client/2.0.2.RELEASE/spring-cloud-netflix-eureka-client-2.0.2.RELEASE.jar:/home/bcakan/.m2/repository/com/netflix/eureka/eureka-client/1.9.3/eureka-client-1.9.3.jar:/home/bcakan/.m2/repository/org/codehaus/jettison/jettison/1.3.7/jettison-1.3.7.jar:/home/bcakan/.m2/repository/stax/stax-api/1.0.1/stax-api-1.0.1.jar:/home/bcakan/.m2/repository/com/netflix/netflix-commons/netflix-eventbus/0.3.0/netflix-eventbus-0.3.0.jar:/home/bcakan/.m2/repository/com/netflix/netflix-commons/netflix-infix/0.3.0/netflix-infix-0.3.0.jar:/home/bcakan/.m2/repository/commons-jxpath/commons-jxpath/1.3/commons-jxpath-1.3.jar:/home/bcakan/.m2/repository/joda-time/joda-time/2.9.9/joda-time-2.9.9.jar:/home/bcakan/.m2/repository/org/antlr/antlr-runtime/3.4/antlr-runtime-3.4.jar:/home/bcakan/.m2/repository/org/antlr/stringtemplate/3.2.1/stringtemplate-3.2.1.jar:/home/bcakan/.m2/repository/com/google/code/gson/gson/2.8.5/gson-2.8.5.jar:/home/bcakan/.m2/repository/org/apache/commons/commons-math/2.2/commons-math-2.2.jar:/home/bcakan/.m2/repository/com/netflix/archaius/archaius-core/0.7.6/archaius-core-0.7.6.jar:/home/bcakan/.m2/repository/com/google/guava/guava/16.0/guava-16.0.jar:/home/bcakan/.m2/repository/javax/ws/rs/jsr311-api/1.1.1/jsr311-api-1.1.1.jar:/home/bcakan/.m2/repository/com/netflix/servo/servo-core/0.12.21/servo-core-0.12.21.jar:/home/bcakan/.m2/repository/com/sun/jersey/jersey-core/1.19.1/jersey-core-1.19.1.jar:/home/bcakan/.m2/repository/com/sun/jersey/jersey-client/1.19.1/jersey-client-1.19.1.jar:/home/bcakan/.m2/repository/com/sun/jersey/contribs/jersey-apache-client4/1.19.1/jersey-apache-client4-1.19.1.jar:/home/bcakan/.m2/repository/org/apache/httpcomponents/httpclient/4.5.6/httpclient-4.5.6.jar:/home/bcakan/.m2/repository/org/apache/httpcomponents/httpcore/4.4.10/httpcore-4.4.10.jar:/home/bcakan/.m2/repository/commons-codec/commons-codec/1.11/commons-codec-1.11.jar:/home/bcakan/.m2/repository/com/google/inject/guice/4.1.0/guice-4.1.0.jar:/home/bcakan/.m2/repository/javax/inject/javax.inject/1/javax.inject-1.jar:/home/bcakan/.m2/repository/aopalliance/aopalliance/1.0/aopalliance-1.0.jar:/home/bcakan/.m2/repository/com/github/vlsi/compactmap/compactmap/1.2.1/compactmap-1.2.1.jar:/home/bcakan/.m2/repository/com/github/andrewoma/dexx/dexx-collections/0.2/dexx-collections-0.2.jar:/home/bcakan/.m2/repository/com/fasterxml/jackson/core/jackson-annotations/2.9.0/jackson-annotations-2.9.0.jar:/home/bcakan/.m2/repository/com/fasterxml/jackson/core/jackson-core/2.9.8/jackson-core-2.9.8.jar:/home/bcakan/.m2/repository/com/netflix/eureka/eureka-core/1.9.3/eureka-core-1.9.3.jar:/home/bcakan/.m2/repository/org/codehaus/woodstox/woodstox-core-asl/4.4.1/woodstox-core-asl-4.4.1.jar:/home/bcakan/.m2/repository/javax/xml/stream/stax-api/1.0-2/stax-api-1.0-2.jar:/home/bcakan/.m2/repository/org/codehaus/woodstox/stax2-api/3.1.4/stax2-api-3.1.4.jar:/home/bcakan/.m2/repository/org/springframework/cloud/spring-cloud-starter-netflix-archaius/2.0.2.RELEASE/spring-cloud-starter-netflix-archaius-2.0.2.RELEASE.jar:/home/bcakan/.m2/repository/org/springframework/cloud/spring-cloud-netflix-ribbon/2.0.2.RELEASE/spring-cloud-netflix-ribbon-2.0.2.RELEASE.jar:/home/bcakan/.m2/repository/org/springframework/cloud/spring-cloud-netflix-archaius/2.0.2.RELEASE/spring-cloud-netflix-archaius-2.0.2.RELEASE.jar:/home/bcakan/.m2/repository/commons-configuration/commons-configuration/1.8/commons-configuration-1.8.jar:/home/bcakan/.m2/repository/commons-lang/commons-lang/2.6/commons-lang-2.6.jar:/home/bcakan/.m2/repository/org/springframework/cloud/spring-cloud-starter-netflix-ribbon/2.0.2.RELEASE/spring-cloud-starter-netflix-ribbon-2.0.2.RELEASE.jar:/home/bcakan/.m2/repository/com/netflix/ribbon/ribbon/2.2.5/ribbon-2.2.5.jar:/home/bcakan/.m2/repository/com/netflix/ribbon/ribbon-transport/2.2.5/ribbon-transport-2.2.5.jar:/home/bcakan/.m2/repository/io/reactivex/rxnetty-contexts/0.4.9/rxnetty-contexts-0.4.9.jar:/home/bcakan/.m2/repository/io/reactivex/rxnetty-servo/0.4.9/rxnetty-servo-0.4.9.jar:/home/bcakan/.m2/repository/com/netflix/hystrix/hystrix-core/1.5.12/hystrix-core-1.5.12.jar:/home/bcakan/.m2/repository/org/hdrhistogram/HdrHistogram/2.1.9/HdrHistogram-2.1.9.jar:/home/bcakan/.m2/repository/io/reactivex/rxnetty/0.4.9/rxnetty-0.4.9.jar:/home/bcakan/.m2/repository/com/netflix/ribbon/ribbon-core/2.2.5/ribbon-core-2.2.5.jar:/home/bcakan/.m2/repository/com/netflix/ribbon/ribbon-httpclient/2.2.5/ribbon-httpclient-2.2.5.jar:/home/bcakan/.m2/repository/commons-collections/commons-collections/3.2.2/commons-collections-3.2.2.jar:/home/bcakan/.m2/repository/com/netflix/netflix-commons/netflix-commons-util/0.3.0/netflix-commons-util-0.3.0.jar:/home/bcakan/.m2/repository/com/netflix/ribbon/ribbon-loadbalancer/2.2.5/ribbon-loadbalancer-2.2.5.jar:/home/bcakan/.m2/repository/com/netflix/netflix-commons/netflix-statistics/0.1.1/netflix-statistics-0.1.1.jar:/home/bcakan/.m2/repository/io/reactivex/rxjava/1.3.8/rxjava-1.3.8.jar:/home/bcakan/.m2/repository/com/netflix/ribbon/ribbon-eureka/2.2.5/ribbon-eureka-2.2.5.jar:/home/bcakan/.m2/repository/org/slf4j/slf4j-api/1.7.25/slf4j-api-1.7.25.jar:/home/bcakan/.m2/repository/com/thoughtworks/xstream/xstream/1.4.10/xstream-1.4.10.jar:/home/bcakan/.m2/repository/xmlpull/xmlpull/1.1.3.1/xmlpull-1.1.3.1.jar:/home/bcakan/.m2/repository/xpp3/xpp3_min/1.1.4c/xpp3_min-1.1.4c.jar:/home/bcakan/.m2/repository/org/springframework/boot/spring-boot-starter-test/2.0.8.RELEASE/spring-boot-starter-test-2.0.8.RELEASE.jar:/home/bcakan/.m2/repository/org/springframework/boot/spring-boot-test/2.0.8.RELEASE/spring-boot-test-2.0.8.RELEASE.jar:/home/bcakan/.m2/repository/org/springframework/boot/spring-boot-test-autoconfigure/2.0.8.RELEASE/spring-boot-test-autoconfigure-2.0.8.RELEASE.jar:/home/bcakan/.m2/repository/com/jayway/jsonpath/json-path/2.4.0/json-path-2.4.0.jar:/home/bcakan/.m2/repository/net/minidev/json-smart/2.3/json-smart-2.3.jar:/home/bcakan/.m2/repository/net/minidev/accessors-smart/1.2/accessors-smart-1.2.jar:/home/bcakan/.m2/repository/org/ow2/asm/asm/5.0.4/asm-5.0.4.jar:/home/bcakan/.m2/repository/junit/junit/4.12/junit-4.12.jar:/home/bcakan/.m2/repository/org/assertj/assertj-core/3.9.1/assertj-core-3.9.1.jar:/home/bcakan/.m2/repository/org/mockito/mockito-core/2.15.0/mockito-core-2.15.0.jar:/home/bcakan/.m2/repository/net/bytebuddy/byte-buddy/1.7.11/byte-buddy-1.7.11.jar:/home/bcakan/.m2/repository/net/bytebuddy/byte-buddy-agent/1.7.11/byte-buddy-agent-1.7.11.jar:/home/bcakan/.m2/repository/org/objenesis/objenesis/2.6/objenesis-2.6.jar:/home/bcakan/.m2/repository/org/hamcrest/hamcrest-core/1.3/hamcrest-core-1.3.jar:/home/bcakan/.m2/repository/org/hamcrest/hamcrest-library/1.3/hamcrest-library-1.3.jar:/home/bcakan/.m2/repository/org/skyscreamer/jsonassert/1.5.0/jsonassert-1.5.0.jar:/home/bcakan/.m2/repository/com/vaadin/external/google/android-json/0.0.20131108.vaadin1/android-json-0.0.20131108.vaadin1.jar:/home/bcakan/.m2/repository/org/springframework/spring-core/5.0.12.RELEASE/spring-core-5.0.12.RELEASE.jar:/home/bcakan/.m2/repository/org/springframework/spring-jcl/5.0.12.RELEASE/spring-jcl-5.0.12.RELEASE.jar:/home/bcakan/.m2/repository/org/springframework/spring-test/5.0.12.RELEASE/spring-test-5.0.12.RELEASE.jar:/home/bcakan/.m2/repository/org/xmlunit/xmlunit-core/2.5.1/xmlunit-core-2.5.1.jar:/home/bcakan/.m2/repository/com/h2database/h2/1.4.197/h2-1.4.197.jar:/home/bcakan/.m2/repository/org/springframework/boot/spring-boot-starter-jdbc/2.0.8.RELEASE/spring-boot-starter-jdbc-2.0.8.RELEASE.jar:/home/bcakan/.m2/repository/com/zaxxer/HikariCP/2.7.9/HikariCP-2.7.9.jar:/home/bcakan/.m2/repository/org/springframework/spring-jdbc/5.0.12.RELEASE/spring-jdbc-5.0.12.RELEASE.jar:/home/bcakan/.m2/repository/org/springframework/spring-tx/5.0.12.RELEASE/spring-tx-5.0.12.RELEASE.jar:/home/bcakan/.m2/repository/org/springframework/boot/spring-boot-starter-data-jpa/2.0.8.RELEASE/spring-boot-starter-data-jpa-2.0.8.RELEASE.jar:/home/bcakan/.m2/repository/org/springframework/boot/spring-boot-starter-aop/2.0.8.RELEASE/spring-boot-starter-aop-2.0.8.RELEASE.jar:/home/bcakan/.m2/repository/org/aspectj/aspectjweaver/1.8.13/aspectjweaver-1.8.13.jar:/home/bcakan/.m2/repository/javax/transaction/javax.transaction-api/1.2/javax.transaction-api-1.2.jar:/home/bcakan/.m2/repository/org/hibernate/hibernate-core/5.2.17.Final/hibernate-core-5.2.17.Final.jar:/home/bcakan/.m2/repository/org/hibernate/javax/persistence/hibernate-jpa-2.1-api/1.0.2.Final/hibernate-jpa-2.1-api-1.0.2.Final.jar:/home/bcakan/.m2/repository/org/javassist/javassist/3.22.0-GA/javassist-3.22.0-GA.jar:/home/bcakan/.m2/repository/antlr/antlr/2.7.7/antlr-2.7.7.jar:/home/bcakan/.m2/repository/org/jboss/jandex/2.0.3.Final/jandex-2.0.3.Final.jar:/home/bcakan/.m2/repository/dom4j/dom4j/1.6.1/dom4j-1.6.1.jar:/home/bcakan/.m2/repository/org/hibernate/common/hibernate-commons-annotations/5.0.1.Final/hibernate-commons-annotations-5.0.1.Final.jar:/home/bcakan/.m2/repository/org/springframework/data/spring-data-jpa/2.0.13.RELEASE/spring-data-jpa-2.0.13.RELEASE.jar:/home/bcakan/.m2/repository/org/springframework/data/spring-data-commons/2.0.13.RELEASE/spring-data-commons-2.0.13.RELEASE.jar:/home/bcakan/.m2/repository/org/springframework/spring-orm/5.0.12.RELEASE/spring-orm-5.0.12.RELEASE.jar:/home/bcakan/.m2/repository/org/springframework/spring-aspects/5.0.12.RELEASE/spring-aspects-5.0.12.RELEASE.jar:/home/bcakan/.m2/repository/org/springframework/boot/spring-boot-starter-validation/2.0.8.RELEASE/spring-boot-starter-validation-2.0.8.RELEASE.jar:/home/bcakan/.m2/repository/org/apache/tomcat/embed/tomcat-embed-el/8.5.37/tomcat-embed-el-8.5.37.jar:, java.specification.name=Java Platform API Specification, java.class.version=52.0, sun.management.compiler=HotSpot 64-Bit Tiered Compilers, os.version=4.15.0-38-generic, user.home=/home/bcakan, user.timezone=Europe/Istanbul, java.awt.printerjob=sun.print.PSPrinterJob, file.encoding=UTF-8, java.specification.version=1.8, java.class.path=/home/bcakan/Documents/workspace-spring-tool-suite-4-4.0.1.RELEASE/MigrosOrderService/target/test-classes:/home/bcakan/Documents/workspace-spring-tool-suite-4-4.0.1.RELEASE/MigrosOrderService/target/classes:/home/bcakan/.m2/repository/org/springframework/boot/spring-boot-starter-web/2.0.8.RELEASE/spring-boot-starter-web-2.0.8.RELEASE.jar:/home/bcakan/.m2/repository/org/springframework/boot/spring-boot-starter/2.0.8.RELEASE/spring-boot-starter-2.0.8.RELEASE.jar:/home/bcakan/.m2/repository/org/springframework/boot/spring-boot/2.0.8.RELEASE/spring-boot-2.0.8.RELEASE.jar:/home/bcakan/.m2/repository/org/springframework/boot/spring-boot-autoconfigure/2.0.8.RELEASE/spring-boot-autoconfigure-2.0.8.RELEASE.jar:/home/bcakan/.m2/repository/org/springframework/boot/spring-boot-starter-logging/2.0.8.RELEASE/spring-boot-starter-logging-2.0.8.RELEASE.jar:/home/bcakan/.m2/repository/ch/qos/logback/logback-classic/1.2.3/logback-classic-1.2.3.jar:/home/bcakan/.m2/repository/ch/qos/logback/logback-core/1.2.3/logback-core-1.2.3.jar:/home/bcakan/.m2/repository/org/apache/logging/log4j/log4j-to-slf4j/2.10.0/log4j-to-slf4j-2.10.0.jar:/home/bcakan/.m2/repository/org/apache/logging/log4j/log4j-api/2.10.0/log4j-api-2.10.0.jar:/home/bcakan/.m2/repository/org/slf4j/jul-to-slf4j/1.7.25/jul-to-slf4j-1.7.25.jar:/home/bcakan/.m2/repository/javax/annotation/javax.annotation-api/1.3.2/javax.annotation-api-1.3.2.jar:/home/bcakan/.m2/repository/org/yaml/snakeyaml/1.19/snakeyaml-1.19.jar:/home/bcakan/.m2/repository/org/springframework/boot/spring-boot-starter-json/2.0.8.RELEASE/spring-boot-starter-json-2.0.8.RELEASE.jar:/home/bcakan/.m2/repository/com/fasterxml/jackson/core/jackson-databind/2.9.8/jackson-databind-2.9.8.jar:/home/bcakan/.m2/repository/com/fasterxml/jackson/datatype/jackson-datatype-jdk8/2.9.8/jackson-datatype-jdk8-2.9.8.jar:/home/bcakan/.m2/repository/com/fasterxml/jackson/datatype/jackson-datatype-jsr310/2.9.8/jackson-datatype-jsr310-2.9.8.jar:/home/bcakan/.m2/repository/com/fasterxml/jackson/module/jackson-module-parameter-names/2.9.8/jackson-module-parameter-names-2.9.8.jar:/home/bcakan/.m2/repository/org/springframework/boot/spring-boot-starter-tomcat/2.0.8.RELEASE/spring-boot-starter-tomcat-2.0.8.RELEASE.jar:/home/bcakan/.m2/repository/org/apache/tomcat/embed/tomcat-embed-core/8.5.37/tomcat-embed-core-8.5.37.jar:/home/bcakan/.m2/repository/org/apache/tomcat/embed/tomcat-embed-websocket/8.5.37/tomcat-embed-websocket-8.5.37.jar:/home/bcakan/.m2/repository/org/hibernate/validator/hibernate-validator/6.0.14.Final/hibernate-validator-6.0.14.Final.jar:/home/bcakan/.m2/repository/javax/validation/validation-api/2.0.1.Final/validation-api-2.0.1.Final.jar:/home/bcakan/.m2/repository/org/jboss/logging/jboss-logging/3.3.2.Final/jboss-logging-3.3.2.Final.jar:/home/bcakan/.m2/repository/com/fasterxml/classmate/1.3.4/classmate-1.3.4.jar:/home/bcakan/.m2/repository/org/springframework/spring-web/5.0.12.RELEASE/spring-web-5.0.12.RELEASE.jar:/home/bcakan/.m2/repository/org/springframework/spring-beans/5.0.12.RELEASE/spring-beans-5.0.12.RELEASE.jar:/home/bcakan/.m2/repository/org/springframework/spring-webmvc/5.0.12.RELEASE/spring-webmvc-5.0.12.RELEASE.jar:/home/bcakan/.m2/repository/org/springframework/spring-aop/5.0.12.RELEASE/spring-aop-5.0.12.RELEASE.jar:/home/bcakan/.m2/repository/org/springframework/spring-context/5.0.12.RELEASE/spring-context-5.0.12.RELEASE.jar:/home/bcakan/.m2/repository/org/springframework/spring-expression/5.0.12.RELEASE/spring-expression-5.0.12.RELEASE.jar:/home/bcakan/.m2/repository/org/springframework/cloud/spring-cloud-starter-netflix-eureka-client/2.0.2.RELEASE/spring-cloud-starter-netflix-eureka-client-2.0.2.RELEASE.jar:/home/bcakan/.m2/repository/org/springframework/cloud/spring-cloud-starter/2.0.2.RELEASE/spring-cloud-starter-2.0.2.RELEASE.jar:/home/bcakan/.m2/repository/org/springframework/cloud/spring-cloud-context/2.0.2.RELEASE/spring-cloud-context-2.0.2.RELEASE.jar:/home/bcakan/.m2/repository/org/springframework/security/spring-security-crypto/5.0.11.RELEASE/spring-security-crypto-5.0.11.RELEASE.jar:/home/bcakan/.m2/repository/org/springframework/cloud/spring-cloud-commons/2.0.2.RELEASE/spring-cloud-commons-2.0.2.RELEASE.jar:/home/bcakan/.m2/repository/org/springframework/security/spring-security-rsa/1.0.7.RELEASE/spring-security-rsa-1.0.7.RELEASE.jar:/home/bcakan/.m2/repository/org/bouncycastle/bcpkix-jdk15on/1.60/bcpkix-jdk15on-1.60.jar:/home/bcakan/.m2/repository/org/bouncycastle/bcprov-jdk15on/1.60/bcprov-jdk15on-1.60.jar:/home/bcakan/.m2/repository/org/springframework/cloud/spring-cloud-netflix-core/2.0.2.RELEASE/spring-cloud-netflix-core-2.0.2.RELEASE.jar:/home/bcakan/.m2/repository/org/springframework/cloud/spring-cloud-netflix-eureka-client/2.0.2.RELEASE/spring-cloud-netflix-eureka-client-2.0.2.RELEASE.jar:/home/bcakan/.m2/repository/com/netflix/eureka/eureka-client/1.9.3/eureka-client-1.9.3.jar:/home/bcakan/.m2/repository/org/codehaus/jettison/jettison/1.3.7/jettison-1.3.7.jar:/home/bcakan/.m2/repository/stax/stax-api/1.0.1/stax-api-1.0.1.jar:/home/bcakan/.m2/repository/com/netflix/netflix-commons/netflix-eventbus/0.3.0/netflix-eventbus-0.3.0.jar:/home/bcakan/.m2/repository/com/netflix/netflix-commons/netflix-infix/0.3.0/netflix-infix-0.3.0.jar:/home/bcakan/.m2/repository/commons-jxpath/commons-jxpath/1.3/commons-jxpath-1.3.jar:/home/bcakan/.m2/repository/joda-time/joda-time/2.9.9/joda-time-2.9.9.jar:/home/bcakan/.m2/repository/org/antlr/antlr-runtime/3.4/antlr-runtime-3.4.jar:/home/bcakan/.m2/repository/org/antlr/stringtemplate/3.2.1/stringtemplate-3.2.1.jar:/home/bcakan/.m2/repository/com/google/code/gson/gson/2.8.5/gson-2.8.5.jar:/home/bcakan/.m2/repository/org/apache/commons/commons-math/2.2/commons-math-2.2.jar:/home/bcakan/.m2/repository/com/netflix/archaius/archaius-core/0.7.6/archaius-core-0.7.6.jar:/home/bcakan/.m2/repository/com/google/guava/guava/16.0/guava-16.0.jar:/home/bcakan/.m2/repository/javax/ws/rs/jsr311-api/1.1.1/jsr311-api-1.1.1.jar:/home/bcakan/.m2/repository/com/netflix/servo/servo-core/0.12.21/servo-core-0.12.21.jar:/home/bcakan/.m2/repository/com/sun/jersey/jersey-core/1.19.1/jersey-core-1.19.1.jar:/home/bcakan/.m2/repository/com/sun/jersey/jersey-client/1.19.1/jersey-client-1.19.1.jar:/home/bcakan/.m2/repository/com/sun/jersey/contribs/jersey-apache-client4/1.19.1/jersey-apache-client4-1.19.1.jar:/home/bcakan/.m2/repository/org/apache/httpcomponents/httpclient/4.5.6/httpclient-4.5.6.jar:/home/bcakan/.m2/repository/org/apache/httpcomponents/httpcore/4.4.10/httpcore-4.4.10.jar:/home/bcakan/.m2/repository/commons-codec/commons-codec/1.11/commons-codec-1.11.jar:/home/bcakan/.m2/repository/com/google/inject/guice/4.1.0/guice-4.1.0.jar:/home/bcakan/.m2/repository/javax/inject/javax.inject/1/javax.inject-1.jar:/home/bcakan/.m2/repository/aopalliance/aopalliance/1.0/aopalliance-1.0.jar:/home/bcakan/.m2/repository/com/github/vlsi/compactmap/compactmap/1.2.1/compactmap-1.2.1.jar:/home/bcakan/.m2/repository/com/github/andrewoma/dexx/dexx-collections/0.2/dexx-collections-0.2.jar:/home/bcakan/.m2/repository/com/fasterxml/jackson/core/jackson-annotations/2.9.0/jackson-annotations-2.9.0.jar:/home/bcakan/.m2/repository/com/fasterxml/jackson/core/jackson-core/2.9.8/jackson-core-2.9.8.jar:/home/bcakan/.m2/repository/com/netflix/eureka/eureka-core/1.9.3/eureka-core-1.9.3.jar:/home/bcakan/.m2/repository/org/codehaus/woodstox/woodstox-core-asl/4.4.1/woodstox-core-asl-4.4.1.jar:/home/bcakan/.m2/repository/javax/xml/stream/stax-api/1.0-2/stax-api-1.0-2.jar:/home/bcakan/.m2/repository/org/codehaus/woodstox/stax2-api/3.1.4/stax2-api-3.1.4.jar:/home/bcakan/.m2/repository/org/springframework/cloud/spring-cloud-starter-netflix-archaius/2.0.2.RELEASE/spring-cloud-starter-netflix-archaius-2.0.2.RELEASE.jar:/home/bcakan/.m2/repository/org/springframework/cloud/spring-cloud-netflix-ribbon/2.0.2.RELEASE/spring-cloud-netflix-ribbon-2.0.2.RELEASE.jar:/home/bcakan/.m2/repository/org/springframework/cloud/spring-cloud-netflix-archaius/2.0.2.RELEASE/spring-cloud-netflix-archaius-2.0.2.RELEASE.jar:/home/bcakan/.m2/repository/commons-configuration/commons-configuration/1.8/commons-configuration-1.8.jar:/home/bcakan/.m2/repository/commons-lang/commons-lang/2.6/commons-lang-2.6.jar:/home/bcakan/.m2/repository/org/springframework/cloud/spring-cloud-starter-netflix-ribbon/2.0.2.RELEASE/spring-cloud-starter-netflix-ribbon-2.0.2.RELEASE.jar:/home/bcakan/.m2/repository/com/netflix/ribbon/ribbon/2.2.5/ribbon-2.2.5.jar:/home/bcakan/.m2/repository/com/netflix/ribbon/ribbon-transport/2.2.5/ribbon-transport-2.2.5.jar:/home/bcakan/.m2/repository/io/reactivex/rxnetty-contexts/0.4.9/rxnetty-contexts-0.4.9.jar:/home/bcakan/.m2/repository/io/reactivex/rxnetty-servo/0.4.9/rxnetty-servo-0.4.9.jar:/home/bcakan/.m2/repository/com/netflix/hystrix/hystrix-core/1.5.12/hystrix-core-1.5.12.jar:/home/bcakan/.m2/repository/org/hdrhistogram/HdrHistogram/2.1.9/HdrHistogram-2.1.9.jar:/home/bcakan/.m2/repository/io/reactivex/rxnetty/0.4.9/rxnetty-0.4.9.jar:/home/bcakan/.m2/repository/com/netflix/ribbon/ribbon-core/2.2.5/ribbon-core-2.2.5.jar:/home/bcakan/.m2/repository/com/netflix/ribbon/ribbon-httpclient/2.2.5/ribbon-httpclient-2.2.5.jar:/home/bcakan/.m2/repository/commons-collections/commons-collections/3.2.2/commons-collections-3.2.2.jar:/home/bcakan/.m2/repository/com/netflix/netflix-commons/netflix-commons-util/0.3.0/netflix-commons-util-0.3.0.jar:/home/bcakan/.m2/repository/com/netflix/ribbon/ribbon-loadbalancer/2.2.5/ribbon-loadbalancer-2.2.5.jar:/home/bcakan/.m2/repository/com/netflix/netflix-commons/netflix-statistics/0.1.1/netflix-statistics-0.1.1.jar:/home/bcakan/.m2/repository/io/reactivex/rxjava/1.3.8/rxjava-1.3.8.jar:/home/bcakan/.m2/repository/com/netflix/ribbon/ribbon-eureka/2.2.5/ribbon-eureka-2.2.5.jar:/home/bcakan/.m2/repository/org/slf4j/slf4j-api/1.7.25/slf4j-api-1.7.25.jar:/home/bcakan/.m2/repository/com/thoughtworks/xstream/xstream/1.4.10/xstream-1.4.10.jar:/home/bcakan/.m2/repository/xmlpull/xmlpull/1.1.3.1/xmlpull-1.1.3.1.jar:/home/bcakan/.m2/repository/xpp3/xpp3_min/1.1.4c/xpp3_min-1.1.4c.jar:/home/bcakan/.m2/repository/org/springframework/boot/spring-boot-starter-test/2.0.8.RELEASE/spring-boot-starter-test-2.0.8.RELEASE.jar:/home/bcakan/.m2/repository/org/springframework/boot/spring-boot-test/2.0.8.RELEASE/spring-boot-test-2.0.8.RELEASE.jar:/home/bcakan/.m2/repository/org/springframework/boot/spring-boot-test-autoconfigure/2.0.8.RELEASE/spring-boot-test-autoconfigure-2.0.8.RELEASE.jar:/home/bcakan/.m2/repository/com/jayway/jsonpath/json-path/2.4.0/json-path-2.4.0.jar:/home/bcakan/.m2/repository/net/minidev/json-smart/2.3/json-smart-2.3.jar:/home/bcakan/.m2/repository/net/minidev/accessors-smart/1.2/accessors-smart-1.2.jar:/home/bcakan/.m2/repository/org/ow2/asm/asm/5.0.4/asm-5.0.4.jar:/home/bcakan/.m2/repository/junit/junit/4.12/junit-4.12.jar:/home/bcakan/.m2/repository/org/assertj/assertj-core/3.9.1/assertj-core-3.9.1.jar:/home/bcakan/.m2/repository/org/mockito/mockito-core/2.15.0/mockito-core-2.15.0.jar:/home/bcakan/.m2/repository/net/bytebuddy/byte-buddy/1.7.11/byte-buddy-1.7.11.jar:/home/bcakan/.m2/repository/net/bytebuddy/byte-buddy-agent/1.7.11/byte-buddy-agent-1.7.11.jar:/home/bcakan/.m2/repository/org/objenesis/objenesis/2.6/objenesis-2.6.jar:/home/bcakan/.m2/repository/org/hamcrest/hamcrest-core/1.3/hamcrest-core-1.3.jar:/home/bcakan/.m2/repository/org/hamcrest/hamcrest-library/1.3/hamcrest-library-1.3.jar:/home/bcakan/.m2/repository/org/skyscreamer/jsonassert/1.5.0/jsonassert-1.5.0.jar:/home/bcakan/.m2/repository/com/vaadin/external/google/android-json/0.0.20131108.vaadin1/android-json-0.0.20131108.vaadin1.jar:/home/bcakan/.m2/repository/org/springframework/spring-core/5.0.12.RELEASE/spring-core-5.0.12.RELEASE.jar:/home/bcakan/.m2/repository/org/springframework/spring-jcl/5.0.12.RELEASE/spring-jcl-5.0.12.RELEASE.jar:/home/bcakan/.m2/repository/org/springframework/spring-test/5.0.12.RELEASE/spring-test-5.0.12.RELEASE.jar:/home/bcakan/.m2/repository/org/xmlunit/xmlunit-core/2.5.1/xmlunit-core-2.5.1.jar:/home/bcakan/.m2/repository/com/h2database/h2/1.4.197/h2-1.4.197.jar:/home/bcakan/.m2/repository/org/springframework/boot/spring-boot-starter-jdbc/2.0.8.RELEASE/spring-boot-starter-jdbc-2.0.8.RELEASE.jar:/home/bcakan/.m2/repository/com/zaxxer/HikariCP/2.7.9/HikariCP-2.7.9.jar:/home/bcakan/.m2/repository/org/springframework/spring-jdbc/5.0.12.RELEASE/spring-jdbc-5.0.12.RELEASE.jar:/home/bcakan/.m2/repository/org/springframework/spring-tx/5.0.12.RELEASE/spring-tx-5.0.12.RELEASE.jar:/home/bcakan/.m2/repository/org/springframework/boot/spring-boot-starter-data-jpa/2.0.8.RELEASE/spring-boot-starter-data-jpa-2.0.8.RELEASE.jar:/home/bcakan/.m2/repository/org/springframework/boot/spring-boot-starter-aop/2.0.8.RELEASE/spring-boot-starter-aop-2.0.8.RELEASE.jar:/home/bcakan/.m2/repository/org/aspectj/aspectjweaver/1.8.13/aspectjweaver-1.8.13.jar:/home/bcakan/.m2/repository/javax/transaction/javax.transaction-api/1.2/javax.transaction-api-1.2.jar:/home/bcakan/.m2/repository/org/hibernate/hibernate-core/5.2.17.Final/hibernate-core-5.2.17.Final.jar:/home/bcakan/.m2/repository/org/hibernate/javax/persistence/hibernate-jpa-2.1-api/1.0.2.Final/hibernate-jpa-2.1-api-1.0.2.Final.jar:/home/bcakan/.m2/repository/org/javassist/javassist/3.22.0-GA/javassist-3.22.0-GA.jar:/home/bcakan/.m2/repository/antlr/antlr/2.7.7/antlr-2.7.7.jar:/home/bcakan/.m2/repository/org/jboss/jandex/2.0.3.Final/jandex-2.0.3.Final.jar:/home/bcakan/.m2/repository/dom4j/dom4j/1.6.1/dom4j-1.6.1.jar:/home/bcakan/.m2/repository/org/hibernate/common/hibernate-commons-annotations/5.0.1.Final/hibernate-commons-annotations-5.0.1.Final.jar:/home/bcakan/.m2/repository/org/springframework/data/spring-data-jpa/2.0.13.RELEASE/spring-data-jpa-2.0.13.RELEASE.jar:/home/bcakan/.m2/repository/org/springframework/data/spring-data-commons/2.0.13.RELEASE/spring-data-commons-2.0.13.RELEASE.jar:/home/bcakan/.m2/repository/org/springframework/spring-orm/5.0.12.RELEASE/spring-orm-5.0.12.RELEASE.jar:/home/bcakan/.m2/repository/org/springframework/spring-aspects/5.0.12.RELEASE/spring-aspect
[...]
	at org.springframework.beans.factory.support.AbstractAutowireCapableBeanFactory.initializeBean(AbstractAutowireCapableBeanFactory.java:1694) ~[spring-beans-5.0.12.RELEASE.jar:5.0.12.RELEASE]
	at org.springframework.beans.factory.support.AbstractAutowireCapableBeanFactory.doCreateBean(AbstractAutowireCapableBeanFactory.java:573) ~[spring-beans-5.0.12.RELEASE.jar:5.0.12.RELEASE]
	at org.springframework.beans.factory.support.AbstractAutowireCapableBeanFactory.createBean(AbstractAutowireCapableBeanFactory.java:495) ~[spring-beans-5.0.12.RELEASE.jar:5.0.12.RELEASE]
	at org.springframework.beans.factory.support.AbstractBeanFactory.lambda$doGetBean$0(AbstractBeanFactory.java:317) ~[spring-beans-5.0.12.RELEASE.jar:5.0.12.RELEASE]
	at org.springframework.beans.factory.support.DefaultSingletonBeanRegistry.getSingleton(DefaultSingletonBeanRegistry.java:222) ~[spring-beans-5.0.12.RELEASE.jar:5.0.12.RELEASE]
	at org.springframework.beans.factory.support.AbstractBeanFactory.doGetBean(AbstractBeanFactory.java:315) ~[spring-beans-5.0.12.RELEASE.jar:5.0.12.RELEASE]
	at org.springframework.beans.factory.support.AbstractBeanFactory.getBean(AbstractBeanFactory.java:199) ~[spring-beans-5.0.12.RELEASE.jar:5.0.12.RELEASE]
	at org.springframework.context.support.AbstractApplicationContext.getBean(AbstractApplicationContext.java:1087) ~[spring-context-5.0.12.RELEASE.jar:5.0.12.RELEASE]
	at org.springframework.context.support.AbstractApplicationContext.finishBeanFactoryInitialization(AbstractApplicationContext.java:857) ~[spring-context-5.0.12.RELEASE.jar:5.0.12.RELEASE]
	at org.springframework.context.support.AbstractApplicationContext.refresh(AbstractApplicationContext.java:548) ~[spring-context-5.0.12.RELEASE.jar:5.0.12.RELEASE]
	at org.springframework.boot.SpringApplication.refresh(SpringApplication.java:754) ~[spring-boot-2.0.8.RELEASE.jar:2.0.8.RELEASE]
	at org.springframework.boot.SpringApplication.refreshContext(SpringApplication.java:386) ~[spring-boot-2.0.8.RELEASE.jar:2.0.8.RELEASE]
	at org.springframework.boot.SpringApplication.run(SpringApplication.java:307) ~[spring-boot-2.0.8.RELEASE.jar:2.0.8.RELEASE]
	at org.springframework.boot.test.context.SpringBootContextLoader.loadContext(SpringBootContextLoader.java:127) [spring-boot-test-2.0.8.RELEASE.jar:2.0.8.RELEASE]
	at org.springframework.test.context.cache.DefaultCacheAwareContextLoaderDelegate.loadContextInternal(DefaultCacheAwareContextLoaderDelegate.java:99) [spring-test-5.0.12.RELEASE.jar:5.0.12.RELEASE]
	at org.springframework.test.context.cache.DefaultCacheAwareContextLoaderDelegate.loadContext(DefaultCacheAwareContextLoaderDelegate.java:117) [spring-test-5.0.12.RELEASE.jar:5.0.12.RELEASE]
	at org.springframework.test.context.support.DefaultTestContext.getApplicationContext(DefaultTestContext.java:108) [spring-test-5.0.12.RELEASE.jar:5.0.12.RELEASE]
	at org.springframework.test.context.web.ServletTestExecutionListener.setUpRequestContextIfNecessary(ServletTestExecutionListener.java:190) [spring-test-5.0.12.RELEASE.jar:5.0.12.RELEASE]
	at org.springframework.test.context.web.ServletTestExecutionListener.prepareTestInstance(ServletTestExecutionListener.java:132) [spring-test-5.0.12.RELEASE.jar:5.0.12.RELEASE]
	at org.springframework.test.context.TestContextManager.prepareTestInstance(TestContextManager.java:246) [spring-test-5.0.12.RELEASE.jar:5.0.12.RELEASE]
	at org.springframework.test.context.junit4.SpringJUnit4ClassRunner.createTest(SpringJUnit4ClassRunner.java:227) [spring-test-5.0.12.RELEASE.jar:5.0.12.RELEASE]
	at org.springframework.test.context.junit4.SpringJUnit4ClassRunner$1.runReflectiveCall(SpringJUnit4ClassRunner.java:289) [spring-test-5.0.12.RELEASE.jar:5.0.12.RELEASE]
	at org.junit.internal.runners.model.ReflectiveCallable.run(ReflectiveCallable.java:12) [junit-4.12.jar:4.12]
	at org.springframework.test.context.junit4.SpringJUnit4ClassRunner.methodBlock(SpringJUnit4ClassRunner.java:291) [spring-test-5.0.12.RELEASE.jar:5.0.12.RELEASE]
	at org.springframework.test.context.junit4.SpringJUnit4ClassRunner.runChild(SpringJUnit4ClassRunner.java:246) [spring-test-5.0.12.RELEASE.jar:5.0.12.RELEASE]
	at org.springframework.test.context.junit4.SpringJUnit4ClassRunner.runChild(SpringJUnit4ClassRunner.java:97) [spring-test-5.0.12.RELEASE.jar:5.0.12.RELEASE]
	at org.junit.runners.ParentRunner$3.run(ParentRunner.java:290) [junit-4.12.jar:4.12]
	at org.junit.runners.ParentRunner$1.schedule(ParentRunner.java:71) [junit-4.12.jar:4.12]
	at org.junit.runners.ParentRunner.runChildren(ParentRunner.java:288) [junit-4.12.jar:4.12]
	at org.junit.runners.ParentRunner.access$000(ParentRunner.java:58) [junit-4.12.jar:4.12]
	at org.junit.runners.ParentRunner$2.evaluate(ParentRunner.java:268) [junit-4.12.jar:4.12]
	at org.springframework.test.context.junit4.statements.RunBeforeTestClassCallbacks.evaluate(RunBeforeTestClassCallbacks.java:61) [spring-test-5.0.12.RELEASE.jar:5.0.12.RELEASE]
	at org.springframework.test.context.junit4.statements.RunAfterTestClassCallbacks.evaluate(RunAfterTestClassCallbacks.java:70) [spring-test-5.0.12.RELEASE.jar:5.0.12.RELEASE]
	at org.junit.runners.ParentRunner.run(ParentRunner.java:363) [junit-4.12.jar:4.12]
	at org.springframework.test.context.junit4.SpringJUnit4ClassRunner.run(SpringJUnit4ClassRunner.java:190) [spring-test-5.0.12.RELEASE.jar:5.0.12.RELEASE]
	at org.apache.maven.surefire.junit4.JUnit4Provider.execute(JUnit4Provider.java:365) [surefire-junit4-2.21.0.jar:2.21.0]
	at org.apache.maven.surefire.junit4.JUnit4Provider.executeWithRerun(JUnit4Provider.java:273) [surefire-junit4-2.21.0.jar:2.21.0]
	at org.apache.maven.surefire.junit4.JUnit4Provider.executeTestSet(JUnit4Provider.java:238) [surefire-junit4-2.21.0.jar:2.21.0]
	at org.apache.maven.surefire.junit4.JUnit4Provider.invoke(JUnit4Provider.java:159) [surefire-junit4-2.21.0.jar:2.21.0]
	at org.apache.maven.surefire.booter.ForkedBooter.invokeProviderInSameClassLoader(ForkedBooter.java:379) [surefire-booter-2.21.0.jar:2.21.0]
	at org.apache.maven.surefire.booter.ForkedBooter.runSuitesInProcess(ForkedBooter.java:340) [surefire-booter-2.21.0.jar:2.21.0]
	at org.apache.maven.surefire.booter.ForkedBooter.execute(ForkedBooter.java:125) [surefire-booter-2.21.0.jar:2.21.0]
	at org.apache.maven.surefire.booter.ForkedBooter.main(ForkedBooter.java:413) [surefire-booter-2.21.0.jar:2.21.0]
Caused by: javax.persistence.PersistenceException: [PersistenceUnit: default] Unable to build Hibernate SessionFactory; nested exception is org.hibernate.MappingException: Could not determine type for: java.util.Set, at table: orders, for columns: [org.hibernate.mapping.Column(products)]
	at org.springframework.orm.jpa.AbstractEntityManagerFactoryBean.buildNativeEntityManagerFactory(AbstractEntityManagerFactoryBean.java:402) ~[spring-orm-5.0.12.RELEASE.jar:5.0.12.RELEASE]
	at org.springframework.orm.jpa.AbstractEntityManagerFactoryBean.afterPropertiesSet(AbstractEntityManagerFactoryBean.java:377) ~[spring-orm-5.0.12.RELEASE.jar:5.0.12.RELEASE]
	at org.springframework.orm.jpa.LocalContainerEntityManagerFactoryBean.afterPropertiesSet(LocalContainerEntityManagerFactoryBean.java:341) ~[spring-orm-5.0.12.RELEASE.jar:5.0.12.RELEASE]
	at org.springframework.beans.factory.support.AbstractAutowireCapableBeanFactory.invokeInitMethods(AbstractAutowireCapableBeanFactory.java:1753) ~[spring-beans-5.0.12.RELEASE.jar:5.0.12.RELEASE]
	at org.springframework.beans.factory.support.AbstractAutowireCapableBeanFactory.initializeBean(AbstractAutowireCapableBeanFactory.java:1690) ~[spring-beans-5.0.12.RELEASE.jar:5.0.12.RELEASE]
	... 42 common frames omitted
Caused by: org.hibernate.MappingException: Could not determine type for: java.util.Set, at table: orders, for columns: [org.hibernate.mapping.Column(products)]
	at org.hibernate.mapping.SimpleValue.getType(SimpleValue.java:456) ~[hibernate-core-5.2.17.Final.jar:5.2.17.Final]
	at org.hibernate.mapping.SimpleValue.isValid(SimpleValue.java:423) ~[hibernate-core-5.2.17.Final.jar:5.2.17.Final]
	at org.hibernate.mapping.Property.isValid(Property.java:226) ~[hibernate-core-5.2.17.Final.jar:5.2.17.Final]
	at org.hibernate.mapping.PersistentClass.validate(PersistentClass.java:597) ~[hibernate-core-5.2.17.Final.jar:5.2.17.Final]
	at org.hibernate.mapping.RootClass.validate(RootClass.java:265) ~[hibernate-core-5.2.17.Final.jar:5.2.17.Final]
	at org.hibernate.boot.internal.MetadataImpl.validate(MetadataImpl.java:329) ~[hibernate-core-5.2.17.Final.jar:5.2.17.Final]
	at org.hibernate.boot.internal.SessionFactoryBuilderImpl.build(SessionFactoryBuilderImpl.java:461) ~[hibernate-core-5.2.17.Final.jar:5.2.17.Final]
	at org.hibernate.jpa.boot.internal.EntityManagerFactoryBuilderImpl.build(EntityManagerFactoryBuilderImpl.java:892) ~[hibernate-core-5.2.17.Final.jar:5.2.17.Final]
	at org.springframework.orm.jpa.vendor.SpringHibernateJpaPersistenceProvider.createContainerEntityManagerFactory(SpringHibernateJpaPersistenceProvider.java:57) ~[spring-orm-5.0.12.RELEASE.jar:5.0.12.RELEASE]
	at org.springframework.orm.jpa.LocalContainerEntityManagerFactoryBean.createNativeEntityManagerFactory(LocalContainerEntityManagerFactoryBean.java:365) ~[spring-orm-5.0.12.RELEASE.jar:5.0.12.RELEASE]
	at org.springframework.orm.jpa.AbstractEntityManagerFactoryBean.buildNativeEntityManagerFactory(AbstractEntityManagerFactoryBean.java:390) ~[spring-orm-5.0.12.RELEASE.jar:5.0.12.RELEASE]
	... 46 common frames omitted

2019-01-17 00:29:14.913 ERROR 16498 --- [           main] o.s.test.context.TestContextManager      : Caught exception while allowing TestExecutionListener [org.springframework.test.context.web.ServletTestExecutionListener@236e3f4e] to prepare test instance [com.migros.order.MigrosOrderServiceApplicationTests@3b98b809]

java.lang.IllegalStateException: Failed to load ApplicationContext
	at org.springframework.test.context.cache.DefaultCacheAwareContextLoaderDelegate.loadContext(DefaultCacheAwareContextLoaderDelegate.java:125) ~[spring-test-5.0.12.RELEASE.jar:5.0.12.RELEASE]
	at org.springframework.test.context.support.DefaultTestContext.getApplicationContext(DefaultTestContext.java:108) ~[spring-test-5.0.12.RELEASE.jar:5.0.12.RELEASE]
	at org.springframework.test.context.web.ServletTestExecutionListener.setUpRequestContextIfNecessary(ServletTestExecutionListener.java:190) ~[spring-test-5.0.12.RELEASE.jar:5.0.12.RELEASE]
	at org.springframework.test.context.web.ServletTestExecutionListener.prepareTestInstance(ServletTestExecutionListener.java:132) ~[spring-test-5.0.12.RELEASE.jar:5.0.12.RELEASE]
	at org.springframework.test.context.TestContextManager.prepareTestInstance(TestContextManager.java:246) ~[spring-test-5.0.12.RELEASE.jar:5.0.12.RELEASE]
	at org.springframework.test.context.junit4.SpringJUnit4ClassRunner.createTest(SpringJUnit4ClassRunner.java:227) [spring-test-5.0.12.RELEASE.jar:5.0.12.RELEASE]
	at org.springframework.test.context.junit4.SpringJUnit4ClassRunner$1.runReflectiveCall(SpringJUnit4ClassRunner.java:289) [spring-test-5.0.12.RELEASE.jar:5.0.12.RELEASE]
	at org.junit.internal.runners.model.ReflectiveCallable.run(ReflectiveCallable.java:12) [junit-4.12.jar:4.12]
	at org.springframework.test.context.junit4.SpringJUnit4ClassRunner.methodBlock(SpringJUnit4ClassRunner.java:291) [spring-test-5.0.12.RELEASE.jar:5.0.12.RELEASE]
	at org.springframework.test.context.junit4.SpringJUnit4ClassRunner.runChild(SpringJUnit4ClassRunner.java:246) [spring-test-5.0.12.RELEASE.jar:5.0.12.RELEASE]
	at org.springframework.test.context.junit4.SpringJUnit4ClassRunner.runChild(SpringJUnit4ClassRunner.java:97) [spring-test-5.0.12.RELEASE.jar:5.0.12.RELEASE]
	at org.junit.runners.ParentRunner$3.run(ParentRunner.java:290) [junit-4.12.jar:4.12]
	at org.junit.runners.ParentRunner$1.schedule(ParentRunner.java:71) [junit-4.12.jar:4.12]
	at org.junit.runners.ParentRunner.runChildren(ParentRunner.java:288) [junit-4.12.jar:4.12]
	at org.junit.runners.ParentRunner.access$000(ParentRunner.java:58) [junit-4.12.jar:4.12]
	at org.junit.runners.ParentRunner$2.evaluate(ParentRunner.java:268) [junit-4.12.jar:4.12]
	at org.springframework.test.context.junit4.statements.RunBeforeTestClassCallbacks.evaluate(RunBeforeTestClassCallbacks.java:61) [spring-test-5.0.12.RELEASE.jar:5.0.12.RELEASE]
	at org.springframework.test.context.junit4.statements.RunAfterTestClassCallbacks.evaluate(RunAfterTestClassCallbacks.java:70) [spring-test-5.0.12.RELEASE.jar:5.0.12.RELEASE]
	at org.junit.runners.ParentRunner.run(ParentRunner.java:363) [junit-4.12.jar:4.12]
	at org.springframework.test.context.junit4.SpringJUnit4ClassRunner.run(SpringJUnit4ClassRunner.java:190) [spring-test-5.0.12.RELEASE.jar:5.0.12.RELEASE]
	at org.apache.maven.surefire.junit4.JUnit4Provider.execute(JUnit4Provider.java:365) [surefire-junit4-2.21.0.jar:2.21.0]
	at org.apache.maven.surefire.junit4.JUnit4Provider.executeWithRerun(JUnit4Provider.java:273) [surefire-junit4-2.21.0.jar:2.21.0]
	at org.apache.maven.surefire.junit4.JUnit4Provider.executeTestSet(JUnit4Provider.java:238) [surefire-junit4-2.21.0.jar:2.21.0]
	at org.apache.maven.surefire.junit4.JUnit4Provider.invoke(JUnit4Provider.java:159) [surefire-junit4-2.21.0.jar:2.21.0]
	at org.apache.maven.surefire.booter.ForkedBooter.invokeProviderInSameClassLoader(ForkedBooter.java:379) [surefire-booter-2.21.0.jar:2.21.0]
	at org.apache.maven.surefire.booter.ForkedBooter.runSuitesInProcess(ForkedBooter.java:340) [surefire-booter-2.21.0.jar:2.21.0]
	at org.apache.maven.surefire.booter.ForkedBooter.execute(ForkedBooter.java:125) [surefire-booter-2.21.0.jar:2.21.0]
	at org.apache.maven.surefire.booter.ForkedBooter.main(ForkedBooter.java:413) [surefire-booter-2.21.0.jar:2.21.0]
Caused by: org.springframework.beans.factory.BeanCreationException: Error creating bean with name 'entityManagerFactory' defined in class path resource [org/springframework/boot/autoconfigure/orm/jpa/HibernateJpaConfiguration.class]: Invocation of init method failed; nested exception is javax.persistence.PersistenceException: [PersistenceUnit: default] Unable to build Hibernate SessionFactory; nested exception is org.hibernate.MappingException: Could not determine type for: java.util.Set, at table: orders, for columns: [org.hibernate.mapping.Column(products)]
	at org.springframework.beans.factory.support.AbstractAutowireCapableBeanFactory.initializeBean(AbstractAutowireCapableBeanFactory.java:1694) ~[spring-beans-5.0.12.RELEASE.jar:5.0.12.RELEASE]
	at org.springframework.beans.factory.support.AbstractAutowireCapableBeanFactory.doCreateBean(AbstractAutowireCapableBeanFactory.java:573) ~[spring-beans-5.0.12.RELEASE.jar:5.0.12.RELEASE]
	at org.springframework.beans.factory.support.AbstractAutowireCapableBeanFactory.createBean(AbstractAutowireCapableBeanFactory.java:495) ~[spring-beans-5.0.12.RELEASE.jar:5.0.12.RELEASE]
	at org.springframework.beans.factory.support.AbstractBeanFactory.lambda$doGetBean$0(AbstractBeanFactory.java:317) ~[spring-beans-5.0.12.RELEASE.jar:5.0.12.RELEASE]
	at org.springframework.beans.factory.support.DefaultSingletonBeanRegistry.getSingleton(DefaultSingletonBeanRegistry.java:222) ~[spring-beans-5.0.12.RELEASE.jar:5.0.12.RELEASE]
	at org.springframework.beans.factory.support.AbstractBeanFactory.doGetBean(AbstractBeanFactory.java:315) ~[spring-beans-5.0.12.RELEASE.jar:5.0.12.RELEASE]
	at org.springframework.beans.factory.support.AbstractBeanFactory.getBean(AbstractBeanFactory.java:199) ~[spring-beans-5.0.12.RELEASE.jar:5.0.12.RELEASE]
	at org.springframework.context.support.AbstractApplicationContext.getBean(AbstractApplicationContext.java:1087) ~[spring-context-5.0.12.RELEASE.jar:5.0.12.RELEASE]
	at org.springframework.context.support.AbstractApplicationContext.finishBeanFactoryInitialization(AbstractApplicationContext.java:857) ~[spring-context-5.0.12.RELEASE.jar:5.0.12.RELEASE]
	at org.springframework.context.support.AbstractApplicationContext.refresh(AbstractApplicationContext.java:548) ~[spring-context-5.0.12.RELEASE.jar:5.0.12.RELEASE]
	at org.springframework.boot.SpringApplication.refresh(SpringApplication.java:754) ~[spring-boot-2.0.8.RELEASE.jar:2.0.8.RELEASE]
	at org.springframework.boot.SpringApplication.refreshContext(SpringApplication.java:386) ~[spring-boot-2.0.8.RELEASE.jar:2.0.8.RELEASE]
	at org.springframework.boot.SpringApplication.run(SpringApplication.java:307) ~[spring-boot-2.0.8.RELEASE.jar:2.0.8.RELEASE]
	at org.springframework.boot.test.context.SpringBootContextLoader.loadContext(SpringBootContextLoader.java:127) ~[spring-boot-test-2.0.8.RELEASE.jar:2.0.8.RELEASE]
	at org.springframework.test.context.cache.DefaultCacheAwareContextLoaderDelegate.loadContextInternal(DefaultCacheAwareContextLoaderDelegate.java:99) ~[spring-test-5.0.12.RELEASE.jar:5.0.12.RELEASE]
	at org.springframework.test.context.cache.DefaultCacheAwareContextLoaderDelegate.loadContext(DefaultCacheAwareContextLoaderDelegate.java:117) ~[spring-test-5.0.12.RELEASE.jar:5.0.12.RELEASE]
	... 27 common frames omitted
Caused by: javax.persistence.PersistenceException: [PersistenceUnit: default] Unable to build Hibernate SessionFactory; nested exception is org.hibernate.MappingException: Could not determine type for: java.util.Set, at table: orders, for columns: [org.hibernate.mapping.Column(products)]
	at org.springframework.orm.jpa.AbstractEntityManagerFactoryBean.buildNativeEntityManagerFactory(AbstractEntityManagerFactoryBean.java:402) ~[spring-orm-5.0.12.RELEASE.jar:5.0.12.RELEASE]
	at org.springframework.orm.jpa.AbstractEntityManagerFactoryBean.afterPropertiesSet(AbstractEntityManagerFactoryBean.java:377) ~[spring-orm-5.0.12.RELEASE.jar:5.0.12.RELEASE]
	at org.springframework.orm.jpa.LocalContainerEntityManagerFactoryBean.afterPropertiesSet(LocalContainerEntityManagerFactoryBean.java:341) ~[spring-orm-5.0.12.RELEASE.jar:5.0.12.RELEASE]
	at org.springframework.beans.factory.support.AbstractAutowireCapableBeanFactory.invokeInitMethods(AbstractAutowireCapableBeanFactory.java:1753) ~[spring-beans-5.0.12.RELEASE.jar:5.0.12.RELEASE]
	at org.springframework.beans.factory.support.AbstractAutowireCapableBeanFactory.initializeBean(AbstractAutowireCapableBeanFactory.java:1690) ~[spring-beans-5.0.12.RELEASE.jar:5.0.12.RELEASE]
	... 42 common frames omitted
Caused by: org.hibernate.MappingException: Could not determine type for: java.util.Set, at table: orders, for columns: [org.hibernate.mapping.Column(products)]
	at org.hibernate.mapping.SimpleValue.getType(SimpleValue.java:456) ~[hibernate-core-5.2.17.Final.jar:5.2.17.Final]
	at org.hibernate.mapping.SimpleValue.isValid(SimpleValue.java:423) ~[hibernate-core-5.2.17.Final.jar:5.2.17.Final]
	at org.hibernate.mapping.Property.isValid(Property.java:226) ~[hibernate-core-5.2.17.Final.jar:5.2.17.Final]
	at org.hibernate.mapping.PersistentClass.validate(PersistentClass.java:597) ~[hibernate-core-5.2.17.Final.jar:5.2.17.Final]
	at org.hibernate.mapping.RootClass.validate(RootClass.java:265) ~[hibernate-core-5.2.17.Final.jar:5.2.17.Final]
	at org.hibernate.boot.internal.MetadataImpl.validate(MetadataImpl.java:329) ~[hibernate-core-5.2.17.Final.jar:5.2.17.Final]
	at org.hibernate.boot.internal.SessionFactoryBuilderImpl.build(SessionFactoryBuilderImpl.java:461) ~[hibernate-core-5.2.17.Final.jar:5.2.17.Final]
	at org.hibernate.jpa.boot.internal.EntityManagerFactoryBuilderImpl.build(EntityManagerFactoryBuilderImpl.java:892) ~[hibernate-core-5.2.17.Final.jar:5.2.17.Final]
	at org.springframework.orm.jpa.vendor.SpringHibernateJpaPersistenceProvider.createContainerEntityManagerFactory(SpringHibernateJpaPersistenceProvider.java:57) ~[spring-orm-5.0.12.RELEASE.jar:5.0.12.RELEASE]
	at org.springframework.orm.jpa.LocalContainerEntityManagerFactoryBean.createNativeEntityManagerFactory(LocalContainerEntityManagerFactoryBean.java:365) ~[spring-orm-5.0.12.RELEASE.jar:5.0.12.RELEASE]
	at org.springframework.orm.jpa.AbstractEntityManagerFactoryBean.buildNativeEntityManagerFactory(AbstractEntityManagerFactoryBean.java:390) ~[spring-orm-5.0.12.RELEASE.jar:5.0.12.RELEASE]
	... 46 common frames omitted

]]></system-out>
  </testcase>
</testsuite>